<?xml version="1.0" encoding="UTF-8"?>
<testsuite xmlns:xsi="http://www.w3.org/2001/XMLSchema-instance" xsi:noNamespaceSchemaLocation="https://maven.apache.org/surefire/maven-surefire-plugin/xsd/surefire-test-report-3.0.xsd" version="3.0" name="no.hvl.dat152.rest.ws.main.test.TestOrder" time="0.155" tests="6" errors="0" skipped="0" failures="0">
  <properties>
    <property name="java.specification.version" value="22"/>
    <property name="sun.cpu.isalist" value="amd64"/>
    <property name="sun.jnu.encoding" value="Cp1252"/>
    <property name="java.class.path" value="C:\Users\Elena\Documents\Studium\DAT-152\Backend\Web-framework-and-services\library-spring-ws-rest-security-oauth\target\test-classes;C:\Users\Elena\Documents\Studium\DAT-152\Backend\Web-framework-and-services\library-spring-ws-rest-security-oauth\target\classes;C:\Users\Elena\.m2\repository\org\springframework\boot\spring-boot-starter-web\3.1.0\spring-boot-starter-web-3.1.0.jar;C:\Users\Elena\.m2\repository\org\springframework\boot\spring-boot-starter\3.1.0\spring-boot-starter-3.1.0.jar;C:\Users\Elena\.m2\repository\org\springframework\boot\spring-boot\3.1.0\spring-boot-3.1.0.jar;C:\Users\Elena\.m2\repository\org\springframework\boot\spring-boot-autoconfigure\3.1.0\spring-boot-autoconfigure-3.1.0.jar;C:\Users\Elena\.m2\repository\org\springframework\boot\spring-boot-starter-logging\3.1.0\spring-boot-starter-logging-3.1.0.jar;C:\Users\Elena\.m2\repository\ch\qos\logback\logback-classic\1.4.7\logback-classic-1.4.7.jar;C:\Users\Elena\.m2\repository\ch\qos\logback\logback-core\1.4.7\logback-core-1.4.7.jar;C:\Users\Elena\.m2\repository\org\apache\logging\log4j\log4j-to-slf4j\2.20.0\log4j-to-slf4j-2.20.0.jar;C:\Users\Elena\.m2\repository\org\apache\logging\log4j\log4j-api\2.20.0\log4j-api-2.20.0.jar;C:\Users\Elena\.m2\repository\org\slf4j\jul-to-slf4j\2.0.7\jul-to-slf4j-2.0.7.jar;C:\Users\Elena\.m2\repository\jakarta\annotation\jakarta.annotation-api\2.1.1\jakarta.annotation-api-2.1.1.jar;C:\Users\Elena\.m2\repository\org\yaml\snakeyaml\1.33\snakeyaml-1.33.jar;C:\Users\Elena\.m2\repository\org\springframework\boot\spring-boot-starter-json\3.1.0\spring-boot-starter-json-3.1.0.jar;C:\Users\Elena\.m2\repository\com\fasterxml\jackson\datatype\jackson-datatype-jdk8\2.15.0\jackson-datatype-jdk8-2.15.0.jar;C:\Users\Elena\.m2\repository\com\fasterxml\jackson\datatype\jackson-datatype-jsr310\2.15.0\jackson-datatype-jsr310-2.15.0.jar;C:\Users\Elena\.m2\repository\com\fasterxml\jackson\module\jackson-module-parameter-names\2.15.0\jackson-module-parameter-names-2.15.0.jar;C:\Users\Elena\.m2\repository\org\springframework\boot\spring-boot-starter-tomcat\3.1.0\spring-boot-starter-tomcat-3.1.0.jar;C:\Users\Elena\.m2\repository\org\apache\tomcat\embed\tomcat-embed-core\10.1.8\tomcat-embed-core-10.1.8.jar;C:\Users\Elena\.m2\repository\org\apache\tomcat\embed\tomcat-embed-websocket\10.1.8\tomcat-embed-websocket-10.1.8.jar;C:\Users\Elena\.m2\repository\org\springframework\spring-web\6.0.9\spring-web-6.0.9.jar;C:\Users\Elena\.m2\repository\org\springframework\spring-beans\6.0.9\spring-beans-6.0.9.jar;C:\Users\Elena\.m2\repository\io\micrometer\micrometer-observation\1.11.0\micrometer-observation-1.11.0.jar;C:\Users\Elena\.m2\repository\io\micrometer\micrometer-commons\1.11.0\micrometer-commons-1.11.0.jar;C:\Users\Elena\.m2\repository\org\springframework\spring-webmvc\6.0.9\spring-webmvc-6.0.9.jar;C:\Users\Elena\.m2\repository\org\springframework\spring-context\6.0.9\spring-context-6.0.9.jar;C:\Users\Elena\.m2\repository\org\springframework\spring-expression\6.0.9\spring-expression-6.0.9.jar;C:\Users\Elena\.m2\repository\org\springframework\boot\spring-boot-starter-data-jpa\3.1.0\spring-boot-starter-data-jpa-3.1.0.jar;C:\Users\Elena\.m2\repository\org\springframework\boot\spring-boot-starter-aop\3.1.0\spring-boot-starter-aop-3.1.0.jar;C:\Users\Elena\.m2\repository\org\aspectj\aspectjweaver\1.9.19\aspectjweaver-1.9.19.jar;C:\Users\Elena\.m2\repository\org\springframework\boot\spring-boot-starter-jdbc\3.1.0\spring-boot-starter-jdbc-3.1.0.jar;C:\Users\Elena\.m2\repository\com\zaxxer\HikariCP\5.0.1\HikariCP-5.0.1.jar;C:\Users\Elena\.m2\repository\org\springframework\spring-jdbc\6.0.9\spring-jdbc-6.0.9.jar;C:\Users\Elena\.m2\repository\org\hibernate\orm\hibernate-core\6.2.2.Final\hibernate-core-6.2.2.Final.jar;C:\Users\Elena\.m2\repository\jakarta\persistence\jakarta.persistence-api\3.1.0\jakarta.persistence-api-3.1.0.jar;C:\Users\Elena\.m2\repository\jakarta\transaction\jakarta.transaction-api\2.0.1\jakarta.transaction-api-2.0.1.jar;C:\Users\Elena\.m2\repository\org\jboss\logging\jboss-logging\3.5.0.Final\jboss-logging-3.5.0.Final.jar;C:\Users\Elena\.m2\repository\org\hibernate\common\hibernate-commons-annotations\6.0.6.Final\hibernate-commons-annotations-6.0.6.Final.jar;C:\Users\Elena\.m2\repository\io\smallrye\jandex\3.0.5\jandex-3.0.5.jar;C:\Users\Elena\.m2\repository\com\fasterxml\classmate\1.5.1\classmate-1.5.1.jar;C:\Users\Elena\.m2\repository\net\bytebuddy\byte-buddy\1.14.4\byte-buddy-1.14.4.jar;C:\Users\Elena\.m2\repository\org\glassfish\jaxb\jaxb-runtime\4.0.2\jaxb-runtime-4.0.2.jar;C:\Users\Elena\.m2\repository\org\glassfish\jaxb\jaxb-core\4.0.2\jaxb-core-4.0.2.jar;C:\Users\Elena\.m2\repository\org\eclipse\angus\angus-activation\2.0.0\angus-activation-2.0.0.jar;C:\Users\Elena\.m2\repository\org\glassfish\jaxb\txw2\4.0.2\txw2-4.0.2.jar;C:\Users\Elena\.m2\repository\com\sun\istack\istack-commons-runtime\4.1.1\istack-commons-runtime-4.1.1.jar;C:\Users\Elena\.m2\repository\jakarta\inject\jakarta.inject-api\2.0.1\jakarta.inject-api-2.0.1.jar;C:\Users\Elena\.m2\repository\org\antlr\antlr4-runtime\4.10.1\antlr4-runtime-4.10.1.jar;C:\Users\Elena\.m2\repository\org\springframework\data\spring-data-jpa\3.1.0\spring-data-jpa-3.1.0.jar;C:\Users\Elena\.m2\repository\org\springframework\data\spring-data-commons\3.1.0\spring-data-commons-3.1.0.jar;C:\Users\Elena\.m2\repository\org\springframework\spring-orm\6.0.9\spring-orm-6.0.9.jar;C:\Users\Elena\.m2\repository\org\springframework\spring-tx\6.0.9\spring-tx-6.0.9.jar;C:\Users\Elena\.m2\repository\org\slf4j\slf4j-api\2.0.7\slf4j-api-2.0.7.jar;C:\Users\Elena\.m2\repository\org\springframework\spring-aspects\6.0.9\spring-aspects-6.0.9.jar;C:\Users\Elena\.m2\repository\org\springframework\boot\spring-boot-starter-security\3.1.0\spring-boot-starter-security-3.1.0.jar;C:\Users\Elena\.m2\repository\org\springframework\spring-aop\6.0.9\spring-aop-6.0.9.jar;C:\Users\Elena\.m2\repository\org\springframework\security\spring-security-config\6.1.0\spring-security-config-6.1.0.jar;C:\Users\Elena\.m2\repository\org\springframework\security\spring-security-web\6.1.0\spring-security-web-6.1.0.jar;C:\Users\Elena\.m2\repository\com\h2database\h2\2.1.214\h2-2.1.214.jar;C:\Users\Elena\.m2\repository\org\springframework\boot\spring-boot-starter-test\3.1.0\spring-boot-starter-test-3.1.0.jar;C:\Users\Elena\.m2\repository\org\springframework\boot\spring-boot-test\3.1.0\spring-boot-test-3.1.0.jar;C:\Users\Elena\.m2\repository\org\springframework\boot\spring-boot-test-autoconfigure\3.1.0\spring-boot-test-autoconfigure-3.1.0.jar;C:\Users\Elena\.m2\repository\com\jayway\jsonpath\json-path\2.8.0\json-path-2.8.0.jar;C:\Users\Elena\.m2\repository\jakarta\xml\bind\jakarta.xml.bind-api\4.0.0\jakarta.xml.bind-api-4.0.0.jar;C:\Users\Elena\.m2\repository\jakarta\activation\jakarta.activation-api\2.1.2\jakarta.activation-api-2.1.2.jar;C:\Users\Elena\.m2\repository\net\minidev\json-smart\2.4.10\json-smart-2.4.10.jar;C:\Users\Elena\.m2\repository\net\minidev\accessors-smart\2.4.9\accessors-smart-2.4.9.jar;C:\Users\Elena\.m2\repository\org\ow2\asm\asm\9.3\asm-9.3.jar;C:\Users\Elena\.m2\repository\org\assertj\assertj-core\3.24.2\assertj-core-3.24.2.jar;C:\Users\Elena\.m2\repository\org\hamcrest\hamcrest\2.2\hamcrest-2.2.jar;C:\Users\Elena\.m2\repository\org\junit\jupiter\junit-jupiter\5.9.3\junit-jupiter-5.9.3.jar;C:\Users\Elena\.m2\repository\org\junit\jupiter\junit-jupiter-api\5.9.3\junit-jupiter-api-5.9.3.jar;C:\Users\Elena\.m2\repository\org\opentest4j\opentest4j\1.2.0\opentest4j-1.2.0.jar;C:\Users\Elena\.m2\repository\org\junit\platform\junit-platform-commons\1.9.3\junit-platform-commons-1.9.3.jar;C:\Users\Elena\.m2\repository\org\apiguardian\apiguardian-api\1.1.2\apiguardian-api-1.1.2.jar;C:\Users\Elena\.m2\repository\org\junit\jupiter\junit-jupiter-params\5.9.3\junit-jupiter-params-5.9.3.jar;C:\Users\Elena\.m2\repository\org\junit\jupiter\junit-jupiter-engine\5.9.3\junit-jupiter-engine-5.9.3.jar;C:\Users\Elena\.m2\repository\org\junit\platform\junit-platform-engine\1.9.3\junit-platform-engine-1.9.3.jar;C:\Users\Elena\.m2\repository\org\mockito\mockito-core\5.3.1\mockito-core-5.3.1.jar;C:\Users\Elena\.m2\repository\net\bytebuddy\byte-buddy-agent\1.14.4\byte-buddy-agent-1.14.4.jar;C:\Users\Elena\.m2\repository\org\objenesis\objenesis\3.3\objenesis-3.3.jar;C:\Users\Elena\.m2\repository\org\mockito\mockito-junit-jupiter\5.3.1\mockito-junit-jupiter-5.3.1.jar;C:\Users\Elena\.m2\repository\org\skyscreamer\jsonassert\1.5.1\jsonassert-1.5.1.jar;C:\Users\Elena\.m2\repository\com\vaadin\external\google\android-json\0.0.20131108.vaadin1\android-json-0.0.20131108.vaadin1.jar;C:\Users\Elena\.m2\repository\org\springframework\spring-core\6.0.9\spring-core-6.0.9.jar;C:\Users\Elena\.m2\repository\org\springframework\spring-jcl\6.0.9\spring-jcl-6.0.9.jar;C:\Users\Elena\.m2\repository\org\springframework\spring-test\6.0.9\spring-test-6.0.9.jar;C:\Users\Elena\.m2\repository\org\xmlunit\xmlunit-core\2.9.1\xmlunit-core-2.9.1.jar;C:\Users\Elena\.m2\repository\org\springframework\boot\spring-boot-starter-hateoas\3.1.0\spring-boot-starter-hateoas-3.1.0.jar;C:\Users\Elena\.m2\repository\org\springframework\hateoas\spring-hateoas\2.1.0\spring-hateoas-2.1.0.jar;C:\Users\Elena\.m2\repository\org\springframework\plugin\spring-plugin-core\3.0.0\spring-plugin-core-3.0.0.jar;C:\Users\Elena\.m2\repository\io\jsonwebtoken\jjwt-api\0.11.5\jjwt-api-0.11.5.jar;C:\Users\Elena\.m2\repository\io\jsonwebtoken\jjwt-impl\0.11.5\jjwt-impl-0.11.5.jar;C:\Users\Elena\.m2\repository\org\springframework\boot\spring-boot-starter-oauth2-resource-server\3.1.0\spring-boot-starter-oauth2-resource-server-3.1.0.jar;C:\Users\Elena\.m2\repository\org\springframework\security\spring-security-core\6.1.0\spring-security-core-6.1.0.jar;C:\Users\Elena\.m2\repository\org\springframework\security\spring-security-crypto\6.1.0\spring-security-crypto-6.1.0.jar;C:\Users\Elena\.m2\repository\org\springframework\security\spring-security-oauth2-resource-server\6.1.0\spring-security-oauth2-resource-server-6.1.0.jar;C:\Users\Elena\.m2\repository\org\springframework\security\spring-security-oauth2-core\6.1.0\spring-security-oauth2-core-6.1.0.jar;C:\Users\Elena\.m2\repository\org\springframework\security\spring-security-oauth2-jose\6.1.0\spring-security-oauth2-jose-6.1.0.jar;C:\Users\Elena\.m2\repository\com\nimbusds\nimbus-jose-jwt\9.31\nimbus-jose-jwt-9.31.jar;C:\Users\Elena\.m2\repository\com\github\stephenc\jcip\jcip-annotations\1.0-1\jcip-annotations-1.0-1.jar;C:\Users\Elena\.m2\repository\org\springframework\boot\spring-boot-starter-oauth2-client\3.1.0\spring-boot-starter-oauth2-client-3.1.0.jar;C:\Users\Elena\.m2\repository\org\springframework\security\spring-security-oauth2-client\6.1.0\spring-security-oauth2-client-6.1.0.jar;C:\Users\Elena\.m2\repository\com\nimbusds\oauth2-oidc-sdk\9.43.2\oauth2-oidc-sdk-9.43.2.jar;C:\Users\Elena\.m2\repository\com\nimbusds\content-type\2.2\content-type-2.2.jar;C:\Users\Elena\.m2\repository\com\nimbusds\lang-tag\1.7\lang-tag-1.7.jar;C:\Users\Elena\.m2\repository\io\jsonwebtoken\jjwt-jackson\0.11.5\jjwt-jackson-0.11.5.jar;C:\Users\Elena\.m2\repository\com\fasterxml\jackson\core\jackson-databind\2.15.0\jackson-databind-2.15.0.jar;C:\Users\Elena\.m2\repository\com\fasterxml\jackson\core\jackson-annotations\2.15.0\jackson-annotations-2.15.0.jar;C:\Users\Elena\.m2\repository\com\fasterxml\jackson\core\jackson-core\2.15.0\jackson-core-2.15.0.jar;C:\Users\Elena\.m2\repository\org\springframework\boot\spring-boot-starter-validation\3.1.0\spring-boot-starter-validation-3.1.0.jar;C:\Users\Elena\.m2\repository\org\apache\tomcat\embed\tomcat-embed-el\10.1.8\tomcat-embed-el-10.1.8.jar;C:\Users\Elena\.m2\repository\org\hibernate\validator\hibernate-validator\8.0.0.Final\hibernate-validator-8.0.0.Final.jar;C:\Users\Elena\.m2\repository\jakarta\validation\jakarta.validation-api\3.0.2\jakarta.validation-api-3.0.2.jar;C:\Users\Elena\.m2\repository\io\rest-assured\rest-assured\5.3.0\rest-assured-5.3.0.jar;C:\Users\Elena\.m2\repository\org\apache\groovy\groovy\4.0.12\groovy-4.0.12.jar;C:\Users\Elena\.m2\repository\org\apache\groovy\groovy-xml\4.0.12\groovy-xml-4.0.12.jar;C:\Users\Elena\.m2\repository\org\apache\httpcomponents\httpclient\4.5.13\httpclient-4.5.13.jar;C:\Users\Elena\.m2\repository\org\apache\httpcomponents\httpcore\4.4.16\httpcore-4.4.16.jar;C:\Users\Elena\.m2\repository\commons-logging\commons-logging\1.2\commons-logging-1.2.jar;C:\Users\Elena\.m2\repository\commons-codec\commons-codec\1.15\commons-codec-1.15.jar;C:\Users\Elena\.m2\repository\org\apache\httpcomponents\httpmime\4.5.13\httpmime-4.5.13.jar;C:\Users\Elena\.m2\repository\org\ccil\cowan\tagsoup\tagsoup\1.2.1\tagsoup-1.2.1.jar;C:\Users\Elena\.m2\repository\io\rest-assured\json-path\5.3.0\json-path-5.3.0.jar;C:\Users\Elena\.m2\repository\org\apache\groovy\groovy-json\4.0.12\groovy-json-4.0.12.jar;C:\Users\Elena\.m2\repository\io\rest-assured\rest-assured-common\5.3.0\rest-assured-common-5.3.0.jar;C:\Users\Elena\.m2\repository\io\rest-assured\xml-path\5.3.0\xml-path-5.3.0.jar;C:\Users\Elena\.m2\repository\org\apache\commons\commons-lang3\3.12.0\commons-lang3-3.12.0.jar;"/>
    <property name="java.vm.vendor" value="Oracle Corporation"/>
    <property name="sun.arch.data.model" value="64"/>
    <property name="user.variant" value=""/>
    <property name="catalina.useNaming" value="false"/>
    <property name="java.vendor.url" value="https://java.oracle.com/"/>
    <property name="user.timezone" value="Europe/Berlin"/>
    <property name="org.jboss.logging.provider" value="slf4j"/>
    <property name="os.name" value="Windows 11"/>
    <property name="java.vm.specification.version" value="22"/>
    <property name="sun.java.launcher" value="SUN_STANDARD"/>
    <property name="user.country" value="DE"/>
    <property name="sun.boot.library.path" value="C:\Program Files\Java\jdk-22\bin"/>
    <property name="sun.java.command" value="C:\Users\Elena\AppData\Local\Temp\surefire2033393873166741036\surefirebooter-20241015183349963_3.jar C:\Users\Elena\AppData\Local\Temp\surefire2033393873166741036 2024-10-15T18-33-48_202-jvmRun1 surefire-20241015183349963_1tmp surefire_0-20241015183349963_2tmp"/>
    <property name="jdk.debug" value="release"/>
    <property name="surefire.test.class.path" value="C:\Users\Elena\Documents\Studium\DAT-152\Backend\Web-framework-and-services\library-spring-ws-rest-security-oauth\target\test-classes;C:\Users\Elena\Documents\Studium\DAT-152\Backend\Web-framework-and-services\library-spring-ws-rest-security-oauth\target\classes;C:\Users\Elena\.m2\repository\org\springframework\boot\spring-boot-starter-web\3.1.0\spring-boot-starter-web-3.1.0.jar;C:\Users\Elena\.m2\repository\org\springframework\boot\spring-boot-starter\3.1.0\spring-boot-starter-3.1.0.jar;C:\Users\Elena\.m2\repository\org\springframework\boot\spring-boot\3.1.0\spring-boot-3.1.0.jar;C:\Users\Elena\.m2\repository\org\springframework\boot\spring-boot-autoconfigure\3.1.0\spring-boot-autoconfigure-3.1.0.jar;C:\Users\Elena\.m2\repository\org\springframework\boot\spring-boot-starter-logging\3.1.0\spring-boot-starter-logging-3.1.0.jar;C:\Users\Elena\.m2\repository\ch\qos\logback\logback-classic\1.4.7\logback-classic-1.4.7.jar;C:\Users\Elena\.m2\repository\ch\qos\logback\logback-core\1.4.7\logback-core-1.4.7.jar;C:\Users\Elena\.m2\repository\org\apache\logging\log4j\log4j-to-slf4j\2.20.0\log4j-to-slf4j-2.20.0.jar;C:\Users\Elena\.m2\repository\org\apache\logging\log4j\log4j-api\2.20.0\log4j-api-2.20.0.jar;C:\Users\Elena\.m2\repository\org\slf4j\jul-to-slf4j\2.0.7\jul-to-slf4j-2.0.7.jar;C:\Users\Elena\.m2\repository\jakarta\annotation\jakarta.annotation-api\2.1.1\jakarta.annotation-api-2.1.1.jar;C:\Users\Elena\.m2\repository\org\yaml\snakeyaml\1.33\snakeyaml-1.33.jar;C:\Users\Elena\.m2\repository\org\springframework\boot\spring-boot-starter-json\3.1.0\spring-boot-starter-json-3.1.0.jar;C:\Users\Elena\.m2\repository\com\fasterxml\jackson\datatype\jackson-datatype-jdk8\2.15.0\jackson-datatype-jdk8-2.15.0.jar;C:\Users\Elena\.m2\repository\com\fasterxml\jackson\datatype\jackson-datatype-jsr310\2.15.0\jackson-datatype-jsr310-2.15.0.jar;C:\Users\Elena\.m2\repository\com\fasterxml\jackson\module\jackson-module-parameter-names\2.15.0\jackson-module-parameter-names-2.15.0.jar;C:\Users\Elena\.m2\repository\org\springframework\boot\spring-boot-starter-tomcat\3.1.0\spring-boot-starter-tomcat-3.1.0.jar;C:\Users\Elena\.m2\repository\org\apache\tomcat\embed\tomcat-embed-core\10.1.8\tomcat-embed-core-10.1.8.jar;C:\Users\Elena\.m2\repository\org\apache\tomcat\embed\tomcat-embed-websocket\10.1.8\tomcat-embed-websocket-10.1.8.jar;C:\Users\Elena\.m2\repository\org\springframework\spring-web\6.0.9\spring-web-6.0.9.jar;C:\Users\Elena\.m2\repository\org\springframework\spring-beans\6.0.9\spring-beans-6.0.9.jar;C:\Users\Elena\.m2\repository\io\micrometer\micrometer-observation\1.11.0\micrometer-observation-1.11.0.jar;C:\Users\Elena\.m2\repository\io\micrometer\micrometer-commons\1.11.0\micrometer-commons-1.11.0.jar;C:\Users\Elena\.m2\repository\org\springframework\spring-webmvc\6.0.9\spring-webmvc-6.0.9.jar;C:\Users\Elena\.m2\repository\org\springframework\spring-context\6.0.9\spring-context-6.0.9.jar;C:\Users\Elena\.m2\repository\org\springframework\spring-expression\6.0.9\spring-expression-6.0.9.jar;C:\Users\Elena\.m2\repository\org\springframework\boot\spring-boot-starter-data-jpa\3.1.0\spring-boot-starter-data-jpa-3.1.0.jar;C:\Users\Elena\.m2\repository\org\springframework\boot\spring-boot-starter-aop\3.1.0\spring-boot-starter-aop-3.1.0.jar;C:\Users\Elena\.m2\repository\org\aspectj\aspectjweaver\1.9.19\aspectjweaver-1.9.19.jar;C:\Users\Elena\.m2\repository\org\springframework\boot\spring-boot-starter-jdbc\3.1.0\spring-boot-starter-jdbc-3.1.0.jar;C:\Users\Elena\.m2\repository\com\zaxxer\HikariCP\5.0.1\HikariCP-5.0.1.jar;C:\Users\Elena\.m2\repository\org\springframework\spring-jdbc\6.0.9\spring-jdbc-6.0.9.jar;C:\Users\Elena\.m2\repository\org\hibernate\orm\hibernate-core\6.2.2.Final\hibernate-core-6.2.2.Final.jar;C:\Users\Elena\.m2\repository\jakarta\persistence\jakarta.persistence-api\3.1.0\jakarta.persistence-api-3.1.0.jar;C:\Users\Elena\.m2\repository\jakarta\transaction\jakarta.transaction-api\2.0.1\jakarta.transaction-api-2.0.1.jar;C:\Users\Elena\.m2\repository\org\jboss\logging\jboss-logging\3.5.0.Final\jboss-logging-3.5.0.Final.jar;C:\Users\Elena\.m2\repository\org\hibernate\common\hibernate-commons-annotations\6.0.6.Final\hibernate-commons-annotations-6.0.6.Final.jar;C:\Users\Elena\.m2\repository\io\smallrye\jandex\3.0.5\jandex-3.0.5.jar;C:\Users\Elena\.m2\repository\com\fasterxml\classmate\1.5.1\classmate-1.5.1.jar;C:\Users\Elena\.m2\repository\net\bytebuddy\byte-buddy\1.14.4\byte-buddy-1.14.4.jar;C:\Users\Elena\.m2\repository\org\glassfish\jaxb\jaxb-runtime\4.0.2\jaxb-runtime-4.0.2.jar;C:\Users\Elena\.m2\repository\org\glassfish\jaxb\jaxb-core\4.0.2\jaxb-core-4.0.2.jar;C:\Users\Elena\.m2\repository\org\eclipse\angus\angus-activation\2.0.0\angus-activation-2.0.0.jar;C:\Users\Elena\.m2\repository\org\glassfish\jaxb\txw2\4.0.2\txw2-4.0.2.jar;C:\Users\Elena\.m2\repository\com\sun\istack\istack-commons-runtime\4.1.1\istack-commons-runtime-4.1.1.jar;C:\Users\Elena\.m2\repository\jakarta\inject\jakarta.inject-api\2.0.1\jakarta.inject-api-2.0.1.jar;C:\Users\Elena\.m2\repository\org\antlr\antlr4-runtime\4.10.1\antlr4-runtime-4.10.1.jar;C:\Users\Elena\.m2\repository\org\springframework\data\spring-data-jpa\3.1.0\spring-data-jpa-3.1.0.jar;C:\Users\Elena\.m2\repository\org\springframework\data\spring-data-commons\3.1.0\spring-data-commons-3.1.0.jar;C:\Users\Elena\.m2\repository\org\springframework\spring-orm\6.0.9\spring-orm-6.0.9.jar;C:\Users\Elena\.m2\repository\org\springframework\spring-tx\6.0.9\spring-tx-6.0.9.jar;C:\Users\Elena\.m2\repository\org\slf4j\slf4j-api\2.0.7\slf4j-api-2.0.7.jar;C:\Users\Elena\.m2\repository\org\springframework\spring-aspects\6.0.9\spring-aspects-6.0.9.jar;C:\Users\Elena\.m2\repository\org\springframework\boot\spring-boot-starter-security\3.1.0\spring-boot-starter-security-3.1.0.jar;C:\Users\Elena\.m2\repository\org\springframework\spring-aop\6.0.9\spring-aop-6.0.9.jar;C:\Users\Elena\.m2\repository\org\springframework\security\spring-security-config\6.1.0\spring-security-config-6.1.0.jar;C:\Users\Elena\.m2\repository\org\springframework\security\spring-security-web\6.1.0\spring-security-web-6.1.0.jar;C:\Users\Elena\.m2\repository\com\h2database\h2\2.1.214\h2-2.1.214.jar;C:\Users\Elena\.m2\repository\org\springframework\boot\spring-boot-starter-test\3.1.0\spring-boot-starter-test-3.1.0.jar;C:\Users\Elena\.m2\repository\org\springframework\boot\spring-boot-test\3.1.0\spring-boot-test-3.1.0.jar;C:\Users\Elena\.m2\repository\org\springframework\boot\spring-boot-test-autoconfigure\3.1.0\spring-boot-test-autoconfigure-3.1.0.jar;C:\Users\Elena\.m2\repository\com\jayway\jsonpath\json-path\2.8.0\json-path-2.8.0.jar;C:\Users\Elena\.m2\repository\jakarta\xml\bind\jakarta.xml.bind-api\4.0.0\jakarta.xml.bind-api-4.0.0.jar;C:\Users\Elena\.m2\repository\jakarta\activation\jakarta.activation-api\2.1.2\jakarta.activation-api-2.1.2.jar;C:\Users\Elena\.m2\repository\net\minidev\json-smart\2.4.10\json-smart-2.4.10.jar;C:\Users\Elena\.m2\repository\net\minidev\accessors-smart\2.4.9\accessors-smart-2.4.9.jar;C:\Users\Elena\.m2\repository\org\ow2\asm\asm\9.3\asm-9.3.jar;C:\Users\Elena\.m2\repository\org\assertj\assertj-core\3.24.2\assertj-core-3.24.2.jar;C:\Users\Elena\.m2\repository\org\hamcrest\hamcrest\2.2\hamcrest-2.2.jar;C:\Users\Elena\.m2\repository\org\junit\jupiter\junit-jupiter\5.9.3\junit-jupiter-5.9.3.jar;C:\Users\Elena\.m2\repository\org\junit\jupiter\junit-jupiter-api\5.9.3\junit-jupiter-api-5.9.3.jar;C:\Users\Elena\.m2\repository\org\opentest4j\opentest4j\1.2.0\opentest4j-1.2.0.jar;C:\Users\Elena\.m2\repository\org\junit\platform\junit-platform-commons\1.9.3\junit-platform-commons-1.9.3.jar;C:\Users\Elena\.m2\repository\org\apiguardian\apiguardian-api\1.1.2\apiguardian-api-1.1.2.jar;C:\Users\Elena\.m2\repository\org\junit\jupiter\junit-jupiter-params\5.9.3\junit-jupiter-params-5.9.3.jar;C:\Users\Elena\.m2\repository\org\junit\jupiter\junit-jupiter-engine\5.9.3\junit-jupiter-engine-5.9.3.jar;C:\Users\Elena\.m2\repository\org\junit\platform\junit-platform-engine\1.9.3\junit-platform-engine-1.9.3.jar;C:\Users\Elena\.m2\repository\org\mockito\mockito-core\5.3.1\mockito-core-5.3.1.jar;C:\Users\Elena\.m2\repository\net\bytebuddy\byte-buddy-agent\1.14.4\byte-buddy-agent-1.14.4.jar;C:\Users\Elena\.m2\repository\org\objenesis\objenesis\3.3\objenesis-3.3.jar;C:\Users\Elena\.m2\repository\org\mockito\mockito-junit-jupiter\5.3.1\mockito-junit-jupiter-5.3.1.jar;C:\Users\Elena\.m2\repository\org\skyscreamer\jsonassert\1.5.1\jsonassert-1.5.1.jar;C:\Users\Elena\.m2\repository\com\vaadin\external\google\android-json\0.0.20131108.vaadin1\android-json-0.0.20131108.vaadin1.jar;C:\Users\Elena\.m2\repository\org\springframework\spring-core\6.0.9\spring-core-6.0.9.jar;C:\Users\Elena\.m2\repository\org\springframework\spring-jcl\6.0.9\spring-jcl-6.0.9.jar;C:\Users\Elena\.m2\repository\org\springframework\spring-test\6.0.9\spring-test-6.0.9.jar;C:\Users\Elena\.m2\repository\org\xmlunit\xmlunit-core\2.9.1\xmlunit-core-2.9.1.jar;C:\Users\Elena\.m2\repository\org\springframework\boot\spring-boot-starter-hateoas\3.1.0\spring-boot-starter-hateoas-3.1.0.jar;C:\Users\Elena\.m2\repository\org\springframework\hateoas\spring-hateoas\2.1.0\spring-hateoas-2.1.0.jar;C:\Users\Elena\.m2\repository\org\springframework\plugin\spring-plugin-core\3.0.0\spring-plugin-core-3.0.0.jar;C:\Users\Elena\.m2\repository\io\jsonwebtoken\jjwt-api\0.11.5\jjwt-api-0.11.5.jar;C:\Users\Elena\.m2\repository\io\jsonwebtoken\jjwt-impl\0.11.5\jjwt-impl-0.11.5.jar;C:\Users\Elena\.m2\repository\org\springframework\boot\spring-boot-starter-oauth2-resource-server\3.1.0\spring-boot-starter-oauth2-resource-server-3.1.0.jar;C:\Users\Elena\.m2\repository\org\springframework\security\spring-security-core\6.1.0\spring-security-core-6.1.0.jar;C:\Users\Elena\.m2\repository\org\springframework\security\spring-security-crypto\6.1.0\spring-security-crypto-6.1.0.jar;C:\Users\Elena\.m2\repository\org\springframework\security\spring-security-oauth2-resource-server\6.1.0\spring-security-oauth2-resource-server-6.1.0.jar;C:\Users\Elena\.m2\repository\org\springframework\security\spring-security-oauth2-core\6.1.0\spring-security-oauth2-core-6.1.0.jar;C:\Users\Elena\.m2\repository\org\springframework\security\spring-security-oauth2-jose\6.1.0\spring-security-oauth2-jose-6.1.0.jar;C:\Users\Elena\.m2\repository\com\nimbusds\nimbus-jose-jwt\9.31\nimbus-jose-jwt-9.31.jar;C:\Users\Elena\.m2\repository\com\github\stephenc\jcip\jcip-annotations\1.0-1\jcip-annotations-1.0-1.jar;C:\Users\Elena\.m2\repository\org\springframework\boot\spring-boot-starter-oauth2-client\3.1.0\spring-boot-starter-oauth2-client-3.1.0.jar;C:\Users\Elena\.m2\repository\org\springframework\security\spring-security-oauth2-client\6.1.0\spring-security-oauth2-client-6.1.0.jar;C:\Users\Elena\.m2\repository\com\nimbusds\oauth2-oidc-sdk\9.43.2\oauth2-oidc-sdk-9.43.2.jar;C:\Users\Elena\.m2\repository\com\nimbusds\content-type\2.2\content-type-2.2.jar;C:\Users\Elena\.m2\repository\com\nimbusds\lang-tag\1.7\lang-tag-1.7.jar;C:\Users\Elena\.m2\repository\io\jsonwebtoken\jjwt-jackson\0.11.5\jjwt-jackson-0.11.5.jar;C:\Users\Elena\.m2\repository\com\fasterxml\jackson\core\jackson-databind\2.15.0\jackson-databind-2.15.0.jar;C:\Users\Elena\.m2\repository\com\fasterxml\jackson\core\jackson-annotations\2.15.0\jackson-annotations-2.15.0.jar;C:\Users\Elena\.m2\repository\com\fasterxml\jackson\core\jackson-core\2.15.0\jackson-core-2.15.0.jar;C:\Users\Elena\.m2\repository\org\springframework\boot\spring-boot-starter-validation\3.1.0\spring-boot-starter-validation-3.1.0.jar;C:\Users\Elena\.m2\repository\org\apache\tomcat\embed\tomcat-embed-el\10.1.8\tomcat-embed-el-10.1.8.jar;C:\Users\Elena\.m2\repository\org\hibernate\validator\hibernate-validator\8.0.0.Final\hibernate-validator-8.0.0.Final.jar;C:\Users\Elena\.m2\repository\jakarta\validation\jakarta.validation-api\3.0.2\jakarta.validation-api-3.0.2.jar;C:\Users\Elena\.m2\repository\io\rest-assured\rest-assured\5.3.0\rest-assured-5.3.0.jar;C:\Users\Elena\.m2\repository\org\apache\groovy\groovy\4.0.12\groovy-4.0.12.jar;C:\Users\Elena\.m2\repository\org\apache\groovy\groovy-xml\4.0.12\groovy-xml-4.0.12.jar;C:\Users\Elena\.m2\repository\org\apache\httpcomponents\httpclient\4.5.13\httpclient-4.5.13.jar;C:\Users\Elena\.m2\repository\org\apache\httpcomponents\httpcore\4.4.16\httpcore-4.4.16.jar;C:\Users\Elena\.m2\repository\commons-logging\commons-logging\1.2\commons-logging-1.2.jar;C:\Users\Elena\.m2\repository\commons-codec\commons-codec\1.15\commons-codec-1.15.jar;C:\Users\Elena\.m2\repository\org\apache\httpcomponents\httpmime\4.5.13\httpmime-4.5.13.jar;C:\Users\Elena\.m2\repository\org\ccil\cowan\tagsoup\tagsoup\1.2.1\tagsoup-1.2.1.jar;C:\Users\Elena\.m2\repository\io\rest-assured\json-path\5.3.0\json-path-5.3.0.jar;C:\Users\Elena\.m2\repository\org\apache\groovy\groovy-json\4.0.12\groovy-json-4.0.12.jar;C:\Users\Elena\.m2\repository\io\rest-assured\rest-assured-common\5.3.0\rest-assured-common-5.3.0.jar;C:\Users\Elena\.m2\repository\io\rest-assured\xml-path\5.3.0\xml-path-5.3.0.jar;C:\Users\Elena\.m2\repository\org\apache\commons\commons-lang3\3.12.0\commons-lang3-3.12.0.jar;"/>
    <property name="sun.cpu.endian" value="little"/>
    <property name="user.home" value="C:\Users\Elena"/>
    <property name="user.language" value="de"/>
    <property name="java.specification.vendor" value="Oracle Corporation"/>
    <property name="java.version.date" value="2024-07-16"/>
    <property name="java.home" value="C:\Program Files\Java\jdk-22"/>
    <property name="file.separator" value="\"/>
    <property name="basedir" value="C:\Users\Elena\Documents\Studium\DAT-152\Backend\Web-framework-and-services\library-spring-ws-rest-security-oauth"/>
    <property name="java.vm.compressedOopsMode" value="Zero based"/>
    <property name="line.separator" value="&#10;"/>
    <property name="java.vm.specification.vendor" value="Oracle Corporation"/>
    <property name="java.specification.name" value="Java Platform API Specification"/>
    <property name="FILE_LOG_CHARSET" value="UTF-8"/>
    <property name="java.awt.headless" value="true"/>
    <property name="surefire.real.class.path" value="C:\Users\Elena\AppData\Local\Temp\surefire2033393873166741036\surefirebooter-20241015183349963_3.jar"/>
    <property name="user.script" value=""/>
    <property name="sun.management.compiler" value="HotSpot 64-Bit Tiered Compilers"/>
    <property name="java.runtime.version" value="22.0.2+9-70"/>
    <property name="user.name" value="Elena"/>
    <property name="stdout.encoding" value="Cp1252"/>
    <property name="path.separator" value=";"/>
    <property name="os.version" value="10.0"/>
    <property name="java.runtime.name" value="Java(TM) SE Runtime Environment"/>
    <property name="file.encoding" value="UTF-8"/>
    <property name="java.vm.name" value="Java HotSpot(TM) 64-Bit Server VM"/>
    <property name="localRepository" value="C:\Users\Elena\.m2\repository"/>
    <property name="java.vendor.url.bug" value="https://bugreport.java.com/bugreport/"/>
    <property name="java.io.tmpdir" value="C:\Users\Elena\AppData\Local\Temp\"/>
    <property name="catalina.home" value="C:\Users\Elena\AppData\Local\Temp\tomcat.8090.17127058939534233099"/>
    <property name="com.zaxxer.hikari.pool_number" value="1"/>
    <property name="java.version" value="22.0.2"/>
    <property name="user.dir" value="C:\Users\Elena\Documents\Studium\DAT-152\Backend\Web-framework-and-services\library-spring-ws-rest-security-oauth"/>
    <property name="os.arch" value="amd64"/>
    <property name="java.vm.specification.name" value="Java Virtual Machine Specification"/>
    <property name="PID" value="21980"/>
    <property name="sun.os.patch.level" value=""/>
    <property name="CONSOLE_LOG_CHARSET" value="UTF-8"/>
    <property name="catalina.base" value="C:\Users\Elena\AppData\Local\Temp\tomcat.8090.17127058939534233099"/>
    <property name="native.encoding" value="Cp1252"/>
    <property name="java.library.path" value="C:\Program Files\Java\jdk-22\bin;C:\WINDOWS\Sun\Java\bin;C:\WINDOWS\system32;C:\WINDOWS;C:\dev\flutter\bin\cache\dart-sdk\bin\;C:\Program Files\Common Files\Oracle\Java\javapath;C:\Windows\system32;C:\Windows;C:\Windows\System32\Wbem;C:\Windows\System32\WindowsPowerShell\v1.0\;C:\Windows\System32\OpenSSH\;C:\Program Files (x86)\NVIDIA Corporation\PhysX\Common;C:\Program Files\NVIDIA Corporation\NVIDIA NvDLISR;C:\WINDOWS\system32;C:\WINDOWS;C:\WINDOWS\System32\Wbem;C:\WINDOWS\System32\WindowsPowerShell\v1.0\;C:\WINDOWS\System32\OpenSSH\;C:\Program Files\VSCodium\bin;C:\Program Files\dotnet\;C:\Program Files\Git\cmd;C:\Program Files (x86)\Microsoft SQL Server\160\Tools\Binn\;C:\Program Files\Microsoft SQL Server\160\Tools\Binn\;C:\Program Files\Microsoft SQL Server\Client SDK\ODBC\170\Tools\Binn\;C:\Program Files\Microsoft SQL Server\160\DTS\Binn\;C:\Program Files (x86)\Microsoft SQL Server\160\DTS\Binn\;C:\Program Files\Gradle\gradle-8.10\bin;C:\Program Files\Java\jdk-22\bin;C:\Users\Elena\AppData\Local\Android\Sdk\cmdline-tools\latest\bin;C:\Users\Elena\AppData\Local\Android\Sdk\platform-tools;C:\Users\Elena\AppData\Local\Android\Sdk\emulator;C:\dev\flutter\bin;C:\dev\apache-maven-3.9.9\bin;C:\Users\Elena\AppData\Roaming\nvm;C:\dev\nodejs;C:\dev\nodejs;C:\Program Files\Microsoft VS Code\bin;C:\Program Files\Docker\Docker\resources\bin;C:\Users\Elena\AppData\Local\Microsoft\WindowsApps;C:\Users\Elena\.dotnet\tools;C:\Users\Elena\AppData\Local\Pub\Cache\bin;;."/>
    <property name="java.vm.info" value="mixed mode, sharing"/>
    <property name="stderr.encoding" value="Cp1252"/>
    <property name="java.vendor" value="Oracle Corporation"/>
    <property name="java.vm.version" value="22.0.2+9-70"/>
    <property name="sun.io.unicode.encoding" value="UnicodeLittle"/>
    <property name="java.class.version" value="66.0"/>
  </properties>
  <testcase name="getAllOrders_USER_ROLE_thenOK" classname="no.hvl.dat152.rest.ws.main.test.TestOrder" time="0.02">
    <system-out><![CDATA[2024-10-15T18:33:57.656+02:00  INFO 21980 --- [           main] t.c.s.AnnotationConfigContextLoaderUtils : Could not detect default configuration classes for test class [no.hvl.dat152.rest.ws.main.test.TestOrder]: TestOrder does not declare any static, non-private, non-final, nested classes annotated with @Configuration.
2024-10-15T18:33:57.657+02:00  INFO 21980 --- [           main] .b.t.c.SpringBootTestContextBootstrapper : Found @SpringBootConfiguration no.hvl.dat152.rest.ws.main.LibraryApplication for test class no.hvl.dat152.rest.ws.main.test.TestOrder
2024-10-15T18:33:57.668+02:00 TRACE 21980 --- [nio-8090-exec-4] o.s.security.web.FilterChainProxy        : Trying to match request against DefaultSecurityFilterChain [RequestMatcher=any request, Filters=[org.springframework.security.web.session.DisableEncodeUrlFilter@71702d3f, org.springframework.security.web.context.request.async.WebAsyncManagerIntegrationFilter@6f9d1785, org.springframework.security.web.context.SecurityContextHolderFilter@5498d2a2, org.springframework.security.web.header.HeaderWriterFilter@58477355, org.springframework.security.web.authentication.logout.LogoutFilter@18c2b4c6, org.springframework.security.oauth2.server.resource.web.authentication.BearerTokenAuthenticationFilter@2778f3d1, no.hvl.dat152.rest.ws.security.AuthTokenFilter@7530090a, org.springframework.security.web.savedrequest.RequestCacheAwareFilter@74a121fe, org.springframework.security.web.servletapi.SecurityContextHolderAwareRequestFilter@12639753, org.springframework.security.web.authentication.AnonymousAuthenticationFilter@f9b97dc, org.springframework.security.web.session.SessionManagementFilter@282c3aa0, org.springframework.security.web.access.ExceptionTranslationFilter@4dd11699, org.springframework.security.web.access.intercept.AuthorizationFilter@414a3c7d]] (1/1)
2024-10-15T18:33:57.668+02:00 DEBUG 21980 --- [nio-8090-exec-4] o.s.security.web.FilterChainProxy        : Securing GET /elibrary/api/v1/orders
2024-10-15T18:33:57.668+02:00 TRACE 21980 --- [nio-8090-exec-4] o.s.security.web.FilterChainProxy        : Invoking DisableEncodeUrlFilter (1/13)
2024-10-15T18:33:57.668+02:00 TRACE 21980 --- [nio-8090-exec-4] o.s.security.web.FilterChainProxy        : Invoking WebAsyncManagerIntegrationFilter (2/13)
2024-10-15T18:33:57.668+02:00 TRACE 21980 --- [nio-8090-exec-4] o.s.security.web.FilterChainProxy        : Invoking SecurityContextHolderFilter (3/13)
2024-10-15T18:33:57.668+02:00 TRACE 21980 --- [nio-8090-exec-4] o.s.security.web.FilterChainProxy        : Invoking HeaderWriterFilter (4/13)
2024-10-15T18:33:57.668+02:00 TRACE 21980 --- [nio-8090-exec-4] o.s.security.web.FilterChainProxy        : Invoking LogoutFilter (5/13)
2024-10-15T18:33:57.668+02:00 TRACE 21980 --- [nio-8090-exec-4] o.s.s.w.a.logout.LogoutFilter            : Did not match request to Or [Ant [pattern='/logout', GET], Ant [pattern='/logout', POST], Ant [pattern='/logout', PUT], Ant [pattern='/logout', DELETE]]
2024-10-15T18:33:57.668+02:00 TRACE 21980 --- [nio-8090-exec-4] o.s.security.web.FilterChainProxy        : Invoking BearerTokenAuthenticationFilter (6/13)
2024-10-15T18:33:57.669+02:00 TRACE 21980 --- [nio-8090-exec-4] o.s.s.authentication.ProviderManager     : Authenticating request with JwtAuthenticationProvider (1/2)
2024-10-15T18:33:57.670+02:00 DEBUG 21980 --- [nio-8090-exec-4] o.s.s.o.s.r.a.JwtAuthenticationProvider  : Authenticated token
2024-10-15T18:33:57.670+02:00 DEBUG 21980 --- [nio-8090-exec-4] .s.r.w.a.BearerTokenAuthenticationFilter : Set SecurityContextHolder to JwtAuthenticationToken [Principal=org.springframework.security.oauth2.jwt.Jwt@a01f67cb, Credentials=[PROTECTED], Authenticated=true, Details=WebAuthenticationDetails [RemoteIpAddress=127.0.0.1, SessionId=null], Granted Authorities=[USER]]
2024-10-15T18:33:57.670+02:00 TRACE 21980 --- [nio-8090-exec-4] o.s.security.web.FilterChainProxy        : Invoking AuthTokenFilter (7/13)
2024-10-15T18:33:57.670+02:00 TRACE 21980 --- [nio-8090-exec-4] o.s.security.web.FilterChainProxy        : Invoking RequestCacheAwareFilter (8/13)
2024-10-15T18:33:57.670+02:00 TRACE 21980 --- [nio-8090-exec-4] o.s.security.web.FilterChainProxy        : Invoking SecurityContextHolderAwareRequestFilter (9/13)
2024-10-15T18:33:57.670+02:00 TRACE 21980 --- [nio-8090-exec-4] o.s.security.web.FilterChainProxy        : Invoking AnonymousAuthenticationFilter (10/13)
2024-10-15T18:33:57.670+02:00 TRACE 21980 --- [nio-8090-exec-4] o.s.security.web.FilterChainProxy        : Invoking SessionManagementFilter (11/13)
2024-10-15T18:33:57.670+02:00 TRACE 21980 --- [nio-8090-exec-4] o.s.s.w.a.AnonymousAuthenticationFilter  : Did not set SecurityContextHolder since already authenticated JwtAuthenticationToken [Principal=org.springframework.security.oauth2.jwt.Jwt@a01f67cb, Credentials=[PROTECTED], Authenticated=true, Details=no.hvl.dat152.rest.ws.security.UserDetailsImpl@7fd22002, Granted Authorities=[USER]]
2024-10-15T18:33:57.670+02:00 TRACE 21980 --- [nio-8090-exec-4] s.CompositeSessionAuthenticationStrategy : Preparing session with ChangeSessionIdAuthenticationStrategy (1/1)
2024-10-15T18:33:57.670+02:00 TRACE 21980 --- [nio-8090-exec-4] o.s.security.web.FilterChainProxy        : Invoking ExceptionTranslationFilter (12/13)
2024-10-15T18:33:57.670+02:00 TRACE 21980 --- [nio-8090-exec-4] o.s.security.web.FilterChainProxy        : Invoking AuthorizationFilter (13/13)
2024-10-15T18:33:57.671+02:00 TRACE 21980 --- [nio-8090-exec-4] estMatcherDelegatingAuthorizationManager : Authorizing SecurityContextHolderAwareRequestWrapper[ org.springframework.security.web.header.HeaderWriterFilter$HeaderWriterRequest@3734bc94]
2024-10-15T18:33:57.671+02:00 TRACE 21980 --- [nio-8090-exec-4] estMatcherDelegatingAuthorizationManager : Checking authorization on SecurityContextHolderAwareRequestWrapper[ org.springframework.security.web.header.HeaderWriterFilter$HeaderWriterRequest@3734bc94] using org.springframework.security.authorization.AuthenticatedAuthorizationManager@649ab949
2024-10-15T18:33:57.671+02:00 DEBUG 21980 --- [nio-8090-exec-4] o.s.security.web.FilterChainProxy        : Secured GET /elibrary/api/v1/orders
2024-10-15T18:33:57.676+02:00 DEBUG 21980 --- [nio-8090-exec-4] horizationManagerBeforeMethodInterceptor : Authorizing method invocation ReflectiveMethodInvocation: public org.springframework.http.ResponseEntity no.hvl.dat152.rest.ws.controller.OrderController.getAllBorrowOrders(java.lang.String,org.springframework.data.domain.Pageable); target is of class [no.hvl.dat152.rest.ws.controller.OrderController]
2024-10-15T18:33:57.677+02:00 DEBUG 21980 --- [nio-8090-exec-4] horizationManagerBeforeMethodInterceptor : Failed to authorize ReflectiveMethodInvocation: public org.springframework.http.ResponseEntity no.hvl.dat152.rest.ws.controller.OrderController.getAllBorrowOrders(java.lang.String,org.springframework.data.domain.Pageable); target is of class [no.hvl.dat152.rest.ws.controller.OrderController] with authorization manager org.springframework.security.config.annotation.method.configuration.DeferringObservationAuthorizationManager@40f49312 and decision ExpressionAuthorizationDecision [granted=false, expressionAttribute=hasAuthority('SUPER_ADMIN') or hasAuthority('ADMIN')]
2024-10-15T18:33:57.677+02:00 TRACE 21980 --- [nio-8090-exec-4] o.s.s.w.a.ExceptionTranslationFilter     : Sending JwtAuthenticationToken [Principal=org.springframework.security.oauth2.jwt.Jwt@a01f67cb, Credentials=[PROTECTED], Authenticated=true, Details=no.hvl.dat152.rest.ws.security.UserDetailsImpl@7fd22002, Granted Authorities=[USER]] to access denied handler since access is denied

org.springframework.security.access.AccessDeniedException: Access Denied
	at org.springframework.security.authorization.method.AuthorizationManagerBeforeMethodInterceptor.attemptAuthorization(AuthorizationManagerBeforeMethodInterceptor.java:257) ~[spring-security-core-6.1.0.jar:6.1.0]
	at org.springframework.security.authorization.method.AuthorizationManagerBeforeMethodInterceptor.invoke(AuthorizationManagerBeforeMethodInterceptor.java:198) ~[spring-security-core-6.1.0.jar:6.1.0]
	at org.springframework.aop.framework.ReflectiveMethodInvocation.proceed(ReflectiveMethodInvocation.java:184) ~[spring-aop-6.0.9.jar:6.0.9]
	at org.springframework.aop.framework.CglibAopProxy$CglibMethodInvocation.proceed(CglibAopProxy.java:750) ~[spring-aop-6.0.9.jar:6.0.9]
	at org.springframework.aop.framework.CglibAopProxy$DynamicAdvisedInterceptor.intercept(CglibAopProxy.java:702) ~[spring-aop-6.0.9.jar:6.0.9]
	at no.hvl.dat152.rest.ws.controller.OrderController$$SpringCGLIB$$0.getAllBorrowOrders(<generated>) ~[classes/:na]
	at java.base/jdk.internal.reflect.DirectMethodHandleAccessor.invoke(DirectMethodHandleAccessor.java:103) ~[na:na]
	at java.base/java.lang.reflect.Method.invoke(Method.java:580) ~[na:na]
	at org.springframework.web.method.support.InvocableHandlerMethod.doInvoke(InvocableHandlerMethod.java:207) ~[spring-web-6.0.9.jar:6.0.9]
	at org.springframework.web.method.support.InvocableHandlerMethod.invokeForRequest(InvocableHandlerMethod.java:152) ~[spring-web-6.0.9.jar:6.0.9]
	at org.springframework.web.servlet.mvc.method.annotation.ServletInvocableHandlerMethod.invokeAndHandle(ServletInvocableHandlerMethod.java:118) ~[spring-webmvc-6.0.9.jar:6.0.9]
	at org.springframework.web.servlet.mvc.method.annotation.RequestMappingHandlerAdapter.invokeHandlerMethod(RequestMappingHandlerAdapter.java:884) ~[spring-webmvc-6.0.9.jar:6.0.9]
	at org.springframework.web.servlet.mvc.method.annotation.RequestMappingHandlerAdapter.handleInternal(RequestMappingHandlerAdapter.java:797) ~[spring-webmvc-6.0.9.jar:6.0.9]
	at org.springframework.web.servlet.mvc.method.AbstractHandlerMethodAdapter.handle(AbstractHandlerMethodAdapter.java:87) ~[spring-webmvc-6.0.9.jar:6.0.9]
	at org.springframework.web.servlet.DispatcherServlet.doDispatch(DispatcherServlet.java:1081) ~[spring-webmvc-6.0.9.jar:6.0.9]
	at org.springframework.web.servlet.DispatcherServlet.doService(DispatcherServlet.java:974) ~[spring-webmvc-6.0.9.jar:6.0.9]
	at org.springframework.web.servlet.FrameworkServlet.processRequest(FrameworkServlet.java:1011) ~[spring-webmvc-6.0.9.jar:6.0.9]
	at org.springframework.web.servlet.FrameworkServlet.doGet(FrameworkServlet.java:903) ~[spring-webmvc-6.0.9.jar:6.0.9]
	at jakarta.servlet.http.HttpServlet.service(HttpServlet.java:564) ~[tomcat-embed-core-10.1.8.jar:6.0]
	at org.springframework.web.servlet.FrameworkServlet.service(FrameworkServlet.java:885) ~[spring-webmvc-6.0.9.jar:6.0.9]
	at jakarta.servlet.http.HttpServlet.service(HttpServlet.java:658) ~[tomcat-embed-core-10.1.8.jar:6.0]
	at org.apache.catalina.core.ApplicationFilterChain.internalDoFilter(ApplicationFilterChain.java:205) ~[tomcat-embed-core-10.1.8.jar:10.1.8]
	at org.apache.catalina.core.ApplicationFilterChain.doFilter(ApplicationFilterChain.java:149) ~[tomcat-embed-core-10.1.8.jar:10.1.8]
	at org.apache.tomcat.websocket.server.WsFilter.doFilter(WsFilter.java:51) ~[tomcat-embed-websocket-10.1.8.jar:10.1.8]
	at org.apache.catalina.core.ApplicationFilterChain.internalDoFilter(ApplicationFilterChain.java:174) ~[tomcat-embed-core-10.1.8.jar:10.1.8]
	at org.apache.catalina.core.ApplicationFilterChain.doFilter(ApplicationFilterChain.java:149) ~[tomcat-embed-core-10.1.8.jar:10.1.8]
	at org.springframework.web.filter.OncePerRequestFilter.doFilter(OncePerRequestFilter.java:110) ~[spring-web-6.0.9.jar:6.0.9]
	at org.apache.catalina.core.ApplicationFilterChain.internalDoFilter(ApplicationFilterChain.java:174) ~[tomcat-embed-core-10.1.8.jar:10.1.8]
	at org.apache.catalina.core.ApplicationFilterChain.doFilter(ApplicationFilterChain.java:149) ~[tomcat-embed-core-10.1.8.jar:10.1.8]
	at org.springframework.security.web.FilterChainProxy.lambda$doFilterInternal$3(FilterChainProxy.java:231) ~[spring-security-web-6.1.0.jar:6.1.0]
	at org.springframework.security.web.FilterChainProxy$VirtualFilterChain.doFilter(FilterChainProxy.java:365) ~[spring-security-web-6.1.0.jar:6.1.0]
	at org.springframework.security.web.access.intercept.AuthorizationFilter.doFilter(AuthorizationFilter.java:100) ~[spring-security-web-6.1.0.jar:6.1.0]
	at org.springframework.security.web.FilterChainProxy$VirtualFilterChain.doFilter(FilterChainProxy.java:374) ~[spring-security-web-6.1.0.jar:6.1.0]
	at org.springframework.security.web.access.ExceptionTranslationFilter.doFilter(ExceptionTranslationFilter.java:126) ~[spring-security-web-6.1.0.jar:6.1.0]
	at org.springframework.security.web.access.ExceptionTranslationFilter.doFilter(ExceptionTranslationFilter.java:120) ~[spring-security-web-6.1.0.jar:6.1.0]
	at org.springframework.security.web.FilterChainProxy$VirtualFilterChain.doFilter(FilterChainProxy.java:374) ~[spring-security-web-6.1.0.jar:6.1.0]
	at org.springframework.security.web.session.SessionManagementFilter.doFilter(SessionManagementFilter.java:131) ~[spring-security-web-6.1.0.jar:6.1.0]
	at org.springframework.security.web.session.SessionManagementFilter.doFilter(SessionManagementFilter.java:85) ~[spring-security-web-6.1.0.jar:6.1.0]
	at org.springframework.security.web.FilterChainProxy$VirtualFilterChain.doFilter(FilterChainProxy.java:374) ~[spring-security-web-6.1.0.jar:6.1.0]
	at org.springframework.security.web.authentication.AnonymousAuthenticationFilter.doFilter(AnonymousAuthenticationFilter.java:100) ~[spring-security-web-6.1.0.jar:6.1.0]
	at org.springframework.security.web.FilterChainProxy$VirtualFilterChain.doFilter(FilterChainProxy.java:374) ~[spring-security-web-6.1.0.jar:6.1.0]
	at org.springframework.security.web.servletapi.SecurityContextHolderAwareRequestFilter.doFilter(SecurityContextHolderAwareRequestFilter.java:179) ~[spring-security-web-6.1.0.jar:6.1.0]
	at org.springframework.security.web.FilterChainProxy$VirtualFilterChain.doFilter(FilterChainProxy.java:374) ~[spring-security-web-6.1.0.jar:6.1.0]
	at org.springframework.security.web.savedrequest.RequestCacheAwareFilter.doFilter(RequestCacheAwareFilter.java:63) ~[spring-security-web-6.1.0.jar:6.1.0]
	at org.springframework.security.web.FilterChainProxy$VirtualFilterChain.doFilter(FilterChainProxy.java:374) ~[spring-security-web-6.1.0.jar:6.1.0]
	at no.hvl.dat152.rest.ws.security.AuthTokenFilter.doFilterInternal(AuthTokenFilter.java:54) ~[classes/:na]
	at org.springframework.web.filter.OncePerRequestFilter.doFilter(OncePerRequestFilter.java:116) ~[spring-web-6.0.9.jar:6.0.9]
	at org.springframework.security.web.FilterChainProxy$VirtualFilterChain.doFilter(FilterChainProxy.java:374) ~[spring-security-web-6.1.0.jar:6.1.0]
	at org.springframework.security.oauth2.server.resource.web.authentication.BearerTokenAuthenticationFilter.doFilterInternal(BearerTokenAuthenticationFilter.java:145) ~[spring-security-oauth2-resource-server-6.1.0.jar:6.1.0]
	at org.springframework.web.filter.OncePerRequestFilter.doFilter(OncePerRequestFilter.java:116) ~[spring-web-6.0.9.jar:6.0.9]
	at org.springframework.security.web.FilterChainProxy$VirtualFilterChain.doFilter(FilterChainProxy.java:374) ~[spring-security-web-6.1.0.jar:6.1.0]
	at org.springframework.security.web.authentication.logout.LogoutFilter.doFilter(LogoutFilter.java:107) ~[spring-security-web-6.1.0.jar:6.1.0]
	at org.springframework.security.web.authentication.logout.LogoutFilter.doFilter(LogoutFilter.java:93) ~[spring-security-web-6.1.0.jar:6.1.0]
	at org.springframework.security.web.FilterChainProxy$VirtualFilterChain.doFilter(FilterChainProxy.java:374) ~[spring-security-web-6.1.0.jar:6.1.0]
	at org.springframework.security.web.header.HeaderWriterFilter.doHeadersAfter(HeaderWriterFilter.java:90) ~[spring-security-web-6.1.0.jar:6.1.0]
	at org.springframework.security.web.header.HeaderWriterFilter.doFilterInternal(HeaderWriterFilter.java:75) ~[spring-security-web-6.1.0.jar:6.1.0]
	at org.springframework.web.filter.OncePerRequestFilter.doFilter(OncePerRequestFilter.java:116) ~[spring-web-6.0.9.jar:6.0.9]
	at org.springframework.security.web.FilterChainProxy$VirtualFilterChain.doFilter(FilterChainProxy.java:374) ~[spring-security-web-6.1.0.jar:6.1.0]
	at org.springframework.security.web.context.SecurityContextHolderFilter.doFilter(SecurityContextHolderFilter.java:82) ~[spring-security-web-6.1.0.jar:6.1.0]
	at org.springframework.security.web.context.SecurityContextHolderFilter.doFilter(SecurityContextHolderFilter.java:69) ~[spring-security-web-6.1.0.jar:6.1.0]
	at org.springframework.security.web.FilterChainProxy$VirtualFilterChain.doFilter(FilterChainProxy.java:374) ~[spring-security-web-6.1.0.jar:6.1.0]
	at org.springframework.security.web.context.request.async.WebAsyncManagerIntegrationFilter.doFilterInternal(WebAsyncManagerIntegrationFilter.java:62) ~[spring-security-web-6.1.0.jar:6.1.0]
	at org.springframework.web.filter.OncePerRequestFilter.doFilter(OncePerRequestFilter.java:116) ~[spring-web-6.0.9.jar:6.0.9]
	at org.springframework.security.web.FilterChainProxy$VirtualFilterChain.doFilter(FilterChainProxy.java:374) ~[spring-security-web-6.1.0.jar:6.1.0]
	at org.springframework.security.web.session.DisableEncodeUrlFilter.doFilterInternal(DisableEncodeUrlFilter.java:42) ~[spring-security-web-6.1.0.jar:6.1.0]
	at org.springframework.web.filter.OncePerRequestFilter.doFilter(OncePerRequestFilter.java:116) ~[spring-web-6.0.9.jar:6.0.9]
	at org.springframework.security.web.FilterChainProxy$VirtualFilterChain.doFilter(FilterChainProxy.java:374) ~[spring-security-web-6.1.0.jar:6.1.0]
	at org.springframework.security.web.FilterChainProxy.doFilterInternal(FilterChainProxy.java:233) ~[spring-security-web-6.1.0.jar:6.1.0]
	at org.springframework.security.web.FilterChainProxy.doFilter(FilterChainProxy.java:191) ~[spring-security-web-6.1.0.jar:6.1.0]
	at org.springframework.web.filter.DelegatingFilterProxy.invokeDelegate(DelegatingFilterProxy.java:352) ~[spring-web-6.0.9.jar:6.0.9]
	at org.springframework.web.filter.DelegatingFilterProxy.doFilter(DelegatingFilterProxy.java:268) ~[spring-web-6.0.9.jar:6.0.9]
	at org.apache.catalina.core.ApplicationFilterChain.internalDoFilter(ApplicationFilterChain.java:174) ~[tomcat-embed-core-10.1.8.jar:10.1.8]
	at org.apache.catalina.core.ApplicationFilterChain.doFilter(ApplicationFilterChain.java:149) ~[tomcat-embed-core-10.1.8.jar:10.1.8]
	at org.springframework.web.filter.RequestContextFilter.doFilterInternal(RequestContextFilter.java:100) ~[spring-web-6.0.9.jar:6.0.9]
	at org.springframework.web.filter.OncePerRequestFilter.doFilter(OncePerRequestFilter.java:116) ~[spring-web-6.0.9.jar:6.0.9]
	at org.apache.catalina.core.ApplicationFilterChain.internalDoFilter(ApplicationFilterChain.java:174) ~[tomcat-embed-core-10.1.8.jar:10.1.8]
	at org.apache.catalina.core.ApplicationFilterChain.doFilter(ApplicationFilterChain.java:149) ~[tomcat-embed-core-10.1.8.jar:10.1.8]
	at org.springframework.web.filter.FormContentFilter.doFilterInternal(FormContentFilter.java:93) ~[spring-web-6.0.9.jar:6.0.9]
	at org.springframework.web.filter.OncePerRequestFilter.doFilter(OncePerRequestFilter.java:116) ~[spring-web-6.0.9.jar:6.0.9]
	at org.apache.catalina.core.ApplicationFilterChain.internalDoFilter(ApplicationFilterChain.java:174) ~[tomcat-embed-core-10.1.8.jar:10.1.8]
	at org.apache.catalina.core.ApplicationFilterChain.doFilter(ApplicationFilterChain.java:149) ~[tomcat-embed-core-10.1.8.jar:10.1.8]
	at org.springframework.web.filter.CharacterEncodingFilter.doFilterInternal(CharacterEncodingFilter.java:201) ~[spring-web-6.0.9.jar:6.0.9]
	at org.springframework.web.filter.OncePerRequestFilter.doFilter(OncePerRequestFilter.java:116) ~[spring-web-6.0.9.jar:6.0.9]
	at org.apache.catalina.core.ApplicationFilterChain.internalDoFilter(ApplicationFilterChain.java:174) ~[tomcat-embed-core-10.1.8.jar:10.1.8]
	at org.apache.catalina.core.ApplicationFilterChain.doFilter(ApplicationFilterChain.java:149) ~[tomcat-embed-core-10.1.8.jar:10.1.8]
	at org.apache.catalina.core.StandardWrapperValve.invoke(StandardWrapperValve.java:166) ~[tomcat-embed-core-10.1.8.jar:10.1.8]
	at org.apache.catalina.core.StandardContextValve.invoke(StandardContextValve.java:90) ~[tomcat-embed-core-10.1.8.jar:10.1.8]
	at org.apache.catalina.authenticator.AuthenticatorBase.invoke(AuthenticatorBase.java:482) ~[tomcat-embed-core-10.1.8.jar:10.1.8]
	at org.apache.catalina.core.StandardHostValve.invoke(StandardHostValve.java:115) ~[tomcat-embed-core-10.1.8.jar:10.1.8]
	at org.apache.catalina.valves.ErrorReportValve.invoke(ErrorReportValve.java:93) ~[tomcat-embed-core-10.1.8.jar:10.1.8]
	at org.apache.catalina.core.StandardEngineValve.invoke(StandardEngineValve.java:74) ~[tomcat-embed-core-10.1.8.jar:10.1.8]
	at org.apache.catalina.connector.CoyoteAdapter.service(CoyoteAdapter.java:341) ~[tomcat-embed-core-10.1.8.jar:10.1.8]
	at org.apache.coyote.http11.Http11Processor.service(Http11Processor.java:390) ~[tomcat-embed-core-10.1.8.jar:10.1.8]
	at org.apache.coyote.AbstractProcessorLight.process(AbstractProcessorLight.java:63) ~[tomcat-embed-core-10.1.8.jar:10.1.8]
	at org.apache.coyote.AbstractProtocol$ConnectionHandler.process(AbstractProtocol.java:894) ~[tomcat-embed-core-10.1.8.jar:10.1.8]
	at org.apache.tomcat.util.net.NioEndpoint$SocketProcessor.doRun(NioEndpoint.java:1741) ~[tomcat-embed-core-10.1.8.jar:10.1.8]
	at org.apache.tomcat.util.net.SocketProcessorBase.run(SocketProcessorBase.java:52) ~[tomcat-embed-core-10.1.8.jar:10.1.8]
	at org.apache.tomcat.util.threads.ThreadPoolExecutor.runWorker(ThreadPoolExecutor.java:1191) ~[tomcat-embed-core-10.1.8.jar:10.1.8]
	at org.apache.tomcat.util.threads.ThreadPoolExecutor$Worker.run(ThreadPoolExecutor.java:659) ~[tomcat-embed-core-10.1.8.jar:10.1.8]
	at org.apache.tomcat.util.threads.TaskThread$WrappingRunnable.run(TaskThread.java:61) ~[tomcat-embed-core-10.1.8.jar:10.1.8]
	at java.base/java.lang.Thread.run(Thread.java:1570) ~[na:na]

2024-10-15T18:33:57.678+02:00 TRACE 21980 --- [nio-8090-exec-4] o.s.s.w.header.writers.HstsHeaderWriter  : Not injecting HSTS header since it did not match request to [Is Secure]
]]></system-out>
  </testcase>
  <testcase name="deleteOrderById_thenOK" classname="no.hvl.dat152.rest.ws.main.test.TestOrder" time="0.02">
    <system-out><![CDATA[2024-10-15T18:33:57.686+02:00 TRACE 21980 --- [nio-8090-exec-5] o.s.security.web.FilterChainProxy        : Trying to match request against DefaultSecurityFilterChain [RequestMatcher=any request, Filters=[org.springframework.security.web.session.DisableEncodeUrlFilter@71702d3f, org.springframework.security.web.context.request.async.WebAsyncManagerIntegrationFilter@6f9d1785, org.springframework.security.web.context.SecurityContextHolderFilter@5498d2a2, org.springframework.security.web.header.HeaderWriterFilter@58477355, org.springframework.security.web.authentication.logout.LogoutFilter@18c2b4c6, org.springframework.security.oauth2.server.resource.web.authentication.BearerTokenAuthenticationFilter@2778f3d1, no.hvl.dat152.rest.ws.security.AuthTokenFilter@7530090a, org.springframework.security.web.savedrequest.RequestCacheAwareFilter@74a121fe, org.springframework.security.web.servletapi.SecurityContextHolderAwareRequestFilter@12639753, org.springframework.security.web.authentication.AnonymousAuthenticationFilter@f9b97dc, org.springframework.security.web.session.SessionManagementFilter@282c3aa0, org.springframework.security.web.access.ExceptionTranslationFilter@4dd11699, org.springframework.security.web.access.intercept.AuthorizationFilter@414a3c7d]] (1/1)
2024-10-15T18:33:57.686+02:00 DEBUG 21980 --- [nio-8090-exec-5] o.s.security.web.FilterChainProxy        : Securing DELETE /elibrary/api/v1/orders/1
2024-10-15T18:33:57.686+02:00 TRACE 21980 --- [nio-8090-exec-5] o.s.security.web.FilterChainProxy        : Invoking DisableEncodeUrlFilter (1/13)
2024-10-15T18:33:57.686+02:00 TRACE 21980 --- [nio-8090-exec-5] o.s.security.web.FilterChainProxy        : Invoking WebAsyncManagerIntegrationFilter (2/13)
2024-10-15T18:33:57.686+02:00 TRACE 21980 --- [nio-8090-exec-5] o.s.security.web.FilterChainProxy        : Invoking SecurityContextHolderFilter (3/13)
2024-10-15T18:33:57.687+02:00 TRACE 21980 --- [nio-8090-exec-5] o.s.security.web.FilterChainProxy        : Invoking HeaderWriterFilter (4/13)
2024-10-15T18:33:57.687+02:00 TRACE 21980 --- [nio-8090-exec-5] o.s.security.web.FilterChainProxy        : Invoking LogoutFilter (5/13)
2024-10-15T18:33:57.687+02:00 TRACE 21980 --- [nio-8090-exec-5] o.s.s.w.a.logout.LogoutFilter            : Did not match request to Or [Ant [pattern='/logout', GET], Ant [pattern='/logout', POST], Ant [pattern='/logout', PUT], Ant [pattern='/logout', DELETE]]
2024-10-15T18:33:57.687+02:00 TRACE 21980 --- [nio-8090-exec-5] o.s.security.web.FilterChainProxy        : Invoking BearerTokenAuthenticationFilter (6/13)
2024-10-15T18:33:57.687+02:00 TRACE 21980 --- [nio-8090-exec-5] o.s.s.authentication.ProviderManager     : Authenticating request with JwtAuthenticationProvider (1/2)
2024-10-15T18:33:57.687+02:00 DEBUG 21980 --- [nio-8090-exec-5] o.s.s.o.s.r.a.JwtAuthenticationProvider  : Authenticated token
2024-10-15T18:33:57.687+02:00 DEBUG 21980 --- [nio-8090-exec-5] .s.r.w.a.BearerTokenAuthenticationFilter : Set SecurityContextHolder to JwtAuthenticationToken [Principal=org.springframework.security.oauth2.jwt.Jwt@fa4045e5, Credentials=[PROTECTED], Authenticated=true, Details=WebAuthenticationDetails [RemoteIpAddress=127.0.0.1, SessionId=null], Granted Authorities=[ADMIN, USER]]
2024-10-15T18:33:57.688+02:00 TRACE 21980 --- [nio-8090-exec-5] o.s.security.web.FilterChainProxy        : Invoking AuthTokenFilter (7/13)
2024-10-15T18:33:57.688+02:00 TRACE 21980 --- [nio-8090-exec-5] o.s.security.web.FilterChainProxy        : Invoking RequestCacheAwareFilter (8/13)
2024-10-15T18:33:57.688+02:00 TRACE 21980 --- [nio-8090-exec-5] o.s.security.web.FilterChainProxy        : Invoking SecurityContextHolderAwareRequestFilter (9/13)
2024-10-15T18:33:57.688+02:00 TRACE 21980 --- [nio-8090-exec-5] o.s.security.web.FilterChainProxy        : Invoking AnonymousAuthenticationFilter (10/13)
2024-10-15T18:33:57.688+02:00 TRACE 21980 --- [nio-8090-exec-5] o.s.security.web.FilterChainProxy        : Invoking SessionManagementFilter (11/13)
2024-10-15T18:33:57.688+02:00 TRACE 21980 --- [nio-8090-exec-5] o.s.s.w.a.AnonymousAuthenticationFilter  : Did not set SecurityContextHolder since already authenticated JwtAuthenticationToken [Principal=org.springframework.security.oauth2.jwt.Jwt@fa4045e5, Credentials=[PROTECTED], Authenticated=true, Details=no.hvl.dat152.rest.ws.security.UserDetailsImpl@d5256ee, Granted Authorities=[ADMIN, USER]]
2024-10-15T18:33:57.688+02:00 TRACE 21980 --- [nio-8090-exec-5] s.CompositeSessionAuthenticationStrategy : Preparing session with ChangeSessionIdAuthenticationStrategy (1/1)
2024-10-15T18:33:57.688+02:00 TRACE 21980 --- [nio-8090-exec-5] o.s.security.web.FilterChainProxy        : Invoking ExceptionTranslationFilter (12/13)
2024-10-15T18:33:57.688+02:00 TRACE 21980 --- [nio-8090-exec-5] o.s.security.web.FilterChainProxy        : Invoking AuthorizationFilter (13/13)
2024-10-15T18:33:57.688+02:00 TRACE 21980 --- [nio-8090-exec-5] estMatcherDelegatingAuthorizationManager : Authorizing SecurityContextHolderAwareRequestWrapper[ org.springframework.security.web.header.HeaderWriterFilter$HeaderWriterRequest@682fcb94]
2024-10-15T18:33:57.688+02:00 TRACE 21980 --- [nio-8090-exec-5] estMatcherDelegatingAuthorizationManager : Checking authorization on SecurityContextHolderAwareRequestWrapper[ org.springframework.security.web.header.HeaderWriterFilter$HeaderWriterRequest@682fcb94] using org.springframework.security.authorization.AuthenticatedAuthorizationManager@649ab949
2024-10-15T18:33:57.688+02:00 DEBUG 21980 --- [nio-8090-exec-5] o.s.security.web.FilterChainProxy        : Secured DELETE /elibrary/api/v1/orders/1
2024-10-15T18:33:57.688+02:00 DEBUG 21980 --- [nio-8090-exec-5] horizationManagerBeforeMethodInterceptor : Authorizing method invocation ReflectiveMethodInvocation: public org.springframework.http.ResponseEntity no.hvl.dat152.rest.ws.controller.OrderController.deleteBookOrder(java.lang.Long); target is of class [no.hvl.dat152.rest.ws.controller.OrderController]
2024-10-15T18:33:57.689+02:00 DEBUG 21980 --- [nio-8090-exec-5] horizationManagerBeforeMethodInterceptor : Authorized method invocation ReflectiveMethodInvocation: public org.springframework.http.ResponseEntity no.hvl.dat152.rest.ws.controller.OrderController.deleteBookOrder(java.lang.Long); target is of class [no.hvl.dat152.rest.ws.controller.OrderController]
Hibernate: select o1_0.id,o1_0.expiry,o1_0.isbn from orders o1_0 where o1_0.id=?
Hibernate: delete from orders where id=?
2024-10-15T18:33:57.698+02:00 TRACE 21980 --- [nio-8090-exec-5] o.s.s.w.header.writers.HstsHeaderWriter  : Not injecting HSTS header since it did not match request to [Is Secure]
]]></system-out>
  </testcase>
  <testcase name="getAllOrdersPaginate_thenOK" classname="no.hvl.dat152.rest.ws.main.test.TestOrder" time="0.031">
    <system-out><![CDATA[2024-10-15T18:33:57.713+02:00 TRACE 21980 --- [nio-8090-exec-6] o.s.security.web.FilterChainProxy        : Trying to match request against DefaultSecurityFilterChain [RequestMatcher=any request, Filters=[org.springframework.security.web.session.DisableEncodeUrlFilter@71702d3f, org.springframework.security.web.context.request.async.WebAsyncManagerIntegrationFilter@6f9d1785, org.springframework.security.web.context.SecurityContextHolderFilter@5498d2a2, org.springframework.security.web.header.HeaderWriterFilter@58477355, org.springframework.security.web.authentication.logout.LogoutFilter@18c2b4c6, org.springframework.security.oauth2.server.resource.web.authentication.BearerTokenAuthenticationFilter@2778f3d1, no.hvl.dat152.rest.ws.security.AuthTokenFilter@7530090a, org.springframework.security.web.savedrequest.RequestCacheAwareFilter@74a121fe, org.springframework.security.web.servletapi.SecurityContextHolderAwareRequestFilter@12639753, org.springframework.security.web.authentication.AnonymousAuthenticationFilter@f9b97dc, org.springframework.security.web.session.SessionManagementFilter@282c3aa0, org.springframework.security.web.access.ExceptionTranslationFilter@4dd11699, org.springframework.security.web.access.intercept.AuthorizationFilter@414a3c7d]] (1/1)
2024-10-15T18:33:57.713+02:00 DEBUG 21980 --- [nio-8090-exec-6] o.s.security.web.FilterChainProxy        : Securing GET /elibrary/api/v1/orders?page=0&size=2
2024-10-15T18:33:57.713+02:00 TRACE 21980 --- [nio-8090-exec-6] o.s.security.web.FilterChainProxy        : Invoking DisableEncodeUrlFilter (1/13)
2024-10-15T18:33:57.713+02:00 TRACE 21980 --- [nio-8090-exec-6] o.s.security.web.FilterChainProxy        : Invoking WebAsyncManagerIntegrationFilter (2/13)
2024-10-15T18:33:57.713+02:00 TRACE 21980 --- [nio-8090-exec-6] o.s.security.web.FilterChainProxy        : Invoking SecurityContextHolderFilter (3/13)
2024-10-15T18:33:57.713+02:00 TRACE 21980 --- [nio-8090-exec-6] o.s.security.web.FilterChainProxy        : Invoking HeaderWriterFilter (4/13)
2024-10-15T18:33:57.713+02:00 TRACE 21980 --- [nio-8090-exec-6] o.s.security.web.FilterChainProxy        : Invoking LogoutFilter (5/13)
2024-10-15T18:33:57.713+02:00 TRACE 21980 --- [nio-8090-exec-6] o.s.s.w.a.logout.LogoutFilter            : Did not match request to Or [Ant [pattern='/logout', GET], Ant [pattern='/logout', POST], Ant [pattern='/logout', PUT], Ant [pattern='/logout', DELETE]]
2024-10-15T18:33:57.713+02:00 TRACE 21980 --- [nio-8090-exec-6] o.s.security.web.FilterChainProxy        : Invoking BearerTokenAuthenticationFilter (6/13)
2024-10-15T18:33:57.713+02:00 TRACE 21980 --- [nio-8090-exec-6] o.s.s.authentication.ProviderManager     : Authenticating request with JwtAuthenticationProvider (1/2)
2024-10-15T18:33:57.715+02:00 DEBUG 21980 --- [nio-8090-exec-6] o.s.s.o.s.r.a.JwtAuthenticationProvider  : Authenticated token
2024-10-15T18:33:57.715+02:00 DEBUG 21980 --- [nio-8090-exec-6] .s.r.w.a.BearerTokenAuthenticationFilter : Set SecurityContextHolder to JwtAuthenticationToken [Principal=org.springframework.security.oauth2.jwt.Jwt@fa4045e5, Credentials=[PROTECTED], Authenticated=true, Details=WebAuthenticationDetails [RemoteIpAddress=127.0.0.1, SessionId=null], Granted Authorities=[ADMIN, USER]]
2024-10-15T18:33:57.715+02:00 TRACE 21980 --- [nio-8090-exec-6] o.s.security.web.FilterChainProxy        : Invoking AuthTokenFilter (7/13)
2024-10-15T18:33:57.715+02:00 TRACE 21980 --- [nio-8090-exec-6] o.s.security.web.FilterChainProxy        : Invoking RequestCacheAwareFilter (8/13)
2024-10-15T18:33:57.715+02:00 TRACE 21980 --- [nio-8090-exec-6] o.s.security.web.FilterChainProxy        : Invoking SecurityContextHolderAwareRequestFilter (9/13)
2024-10-15T18:33:57.715+02:00 TRACE 21980 --- [nio-8090-exec-6] o.s.security.web.FilterChainProxy        : Invoking AnonymousAuthenticationFilter (10/13)
2024-10-15T18:33:57.715+02:00 TRACE 21980 --- [nio-8090-exec-6] o.s.security.web.FilterChainProxy        : Invoking SessionManagementFilter (11/13)
2024-10-15T18:33:57.715+02:00 TRACE 21980 --- [nio-8090-exec-6] o.s.s.w.a.AnonymousAuthenticationFilter  : Did not set SecurityContextHolder since already authenticated JwtAuthenticationToken [Principal=org.springframework.security.oauth2.jwt.Jwt@fa4045e5, Credentials=[PROTECTED], Authenticated=true, Details=no.hvl.dat152.rest.ws.security.UserDetailsImpl@41ef4033, Granted Authorities=[ADMIN, USER]]
2024-10-15T18:33:57.715+02:00 TRACE 21980 --- [nio-8090-exec-6] s.CompositeSessionAuthenticationStrategy : Preparing session with ChangeSessionIdAuthenticationStrategy (1/1)
2024-10-15T18:33:57.715+02:00 TRACE 21980 --- [nio-8090-exec-6] o.s.security.web.FilterChainProxy        : Invoking ExceptionTranslationFilter (12/13)
2024-10-15T18:33:57.715+02:00 TRACE 21980 --- [nio-8090-exec-6] o.s.security.web.FilterChainProxy        : Invoking AuthorizationFilter (13/13)
2024-10-15T18:33:57.715+02:00 TRACE 21980 --- [nio-8090-exec-6] estMatcherDelegatingAuthorizationManager : Authorizing SecurityContextHolderAwareRequestWrapper[ org.springframework.security.web.header.HeaderWriterFilter$HeaderWriterRequest@a60412f]
2024-10-15T18:33:57.715+02:00 TRACE 21980 --- [nio-8090-exec-6] estMatcherDelegatingAuthorizationManager : Checking authorization on SecurityContextHolderAwareRequestWrapper[ org.springframework.security.web.header.HeaderWriterFilter$HeaderWriterRequest@a60412f] using org.springframework.security.authorization.AuthenticatedAuthorizationManager@649ab949
2024-10-15T18:33:57.715+02:00 DEBUG 21980 --- [nio-8090-exec-6] o.s.security.web.FilterChainProxy        : Secured GET /elibrary/api/v1/orders?page=0&size=2
2024-10-15T18:33:57.716+02:00 DEBUG 21980 --- [nio-8090-exec-6] horizationManagerBeforeMethodInterceptor : Authorizing method invocation ReflectiveMethodInvocation: public org.springframework.http.ResponseEntity no.hvl.dat152.rest.ws.controller.OrderController.getAllBorrowOrders(java.lang.String,org.springframework.data.domain.Pageable); target is of class [no.hvl.dat152.rest.ws.controller.OrderController]
2024-10-15T18:33:57.716+02:00 DEBUG 21980 --- [nio-8090-exec-6] horizationManagerBeforeMethodInterceptor : Authorized method invocation ReflectiveMethodInvocation: public org.springframework.http.ResponseEntity no.hvl.dat152.rest.ws.controller.OrderController.getAllBorrowOrders(java.lang.String,org.springframework.data.domain.Pageable); target is of class [no.hvl.dat152.rest.ws.controller.OrderController]
Hibernate: select o1_0.id,o1_0.expiry,o1_0.isbn from orders o1_0
2024-10-15T18:33:57.722+02:00 TRACE 21980 --- [nio-8090-exec-6] o.s.s.w.header.writers.HstsHeaderWriter  : Not injecting HSTS header since it did not match request to [Is Secure]
]]></system-out>
  </testcase>
  <testcase name="getAllOrders_thenOK" classname="no.hvl.dat152.rest.ws.main.test.TestOrder" time="0.029">
    <system-out><![CDATA[2024-10-15T18:33:57.741+02:00 TRACE 21980 --- [nio-8090-exec-5] o.s.security.web.FilterChainProxy        : Trying to match request against DefaultSecurityFilterChain [RequestMatcher=any request, Filters=[org.springframework.security.web.session.DisableEncodeUrlFilter@71702d3f, org.springframework.security.web.context.request.async.WebAsyncManagerIntegrationFilter@6f9d1785, org.springframework.security.web.context.SecurityContextHolderFilter@5498d2a2, org.springframework.security.web.header.HeaderWriterFilter@58477355, org.springframework.security.web.authentication.logout.LogoutFilter@18c2b4c6, org.springframework.security.oauth2.server.resource.web.authentication.BearerTokenAuthenticationFilter@2778f3d1, no.hvl.dat152.rest.ws.security.AuthTokenFilter@7530090a, org.springframework.security.web.savedrequest.RequestCacheAwareFilter@74a121fe, org.springframework.security.web.servletapi.SecurityContextHolderAwareRequestFilter@12639753, org.springframework.security.web.authentication.AnonymousAuthenticationFilter@f9b97dc, org.springframework.security.web.session.SessionManagementFilter@282c3aa0, org.springframework.security.web.access.ExceptionTranslationFilter@4dd11699, org.springframework.security.web.access.intercept.AuthorizationFilter@414a3c7d]] (1/1)
2024-10-15T18:33:57.741+02:00 DEBUG 21980 --- [nio-8090-exec-5] o.s.security.web.FilterChainProxy        : Securing GET /elibrary/api/v1/orders?expiry=2024-11-12&page=0&size=4
2024-10-15T18:33:57.741+02:00 TRACE 21980 --- [nio-8090-exec-5] o.s.security.web.FilterChainProxy        : Invoking DisableEncodeUrlFilter (1/13)
2024-10-15T18:33:57.742+02:00 TRACE 21980 --- [nio-8090-exec-5] o.s.security.web.FilterChainProxy        : Invoking WebAsyncManagerIntegrationFilter (2/13)
2024-10-15T18:33:57.742+02:00 TRACE 21980 --- [nio-8090-exec-5] o.s.security.web.FilterChainProxy        : Invoking SecurityContextHolderFilter (3/13)
2024-10-15T18:33:57.742+02:00 TRACE 21980 --- [nio-8090-exec-5] o.s.security.web.FilterChainProxy        : Invoking HeaderWriterFilter (4/13)
2024-10-15T18:33:57.742+02:00 TRACE 21980 --- [nio-8090-exec-5] o.s.security.web.FilterChainProxy        : Invoking LogoutFilter (5/13)
2024-10-15T18:33:57.742+02:00 TRACE 21980 --- [nio-8090-exec-5] o.s.s.w.a.logout.LogoutFilter            : Did not match request to Or [Ant [pattern='/logout', GET], Ant [pattern='/logout', POST], Ant [pattern='/logout', PUT], Ant [pattern='/logout', DELETE]]
2024-10-15T18:33:57.742+02:00 TRACE 21980 --- [nio-8090-exec-5] o.s.security.web.FilterChainProxy        : Invoking BearerTokenAuthenticationFilter (6/13)
2024-10-15T18:33:57.742+02:00 TRACE 21980 --- [nio-8090-exec-5] o.s.s.authentication.ProviderManager     : Authenticating request with JwtAuthenticationProvider (1/2)
2024-10-15T18:33:57.742+02:00 DEBUG 21980 --- [nio-8090-exec-5] o.s.s.o.s.r.a.JwtAuthenticationProvider  : Authenticated token
2024-10-15T18:33:57.742+02:00 DEBUG 21980 --- [nio-8090-exec-5] .s.r.w.a.BearerTokenAuthenticationFilter : Set SecurityContextHolder to JwtAuthenticationToken [Principal=org.springframework.security.oauth2.jwt.Jwt@fa4045e5, Credentials=[PROTECTED], Authenticated=true, Details=WebAuthenticationDetails [RemoteIpAddress=127.0.0.1, SessionId=null], Granted Authorities=[ADMIN, USER]]
2024-10-15T18:33:57.742+02:00 TRACE 21980 --- [nio-8090-exec-5] o.s.security.web.FilterChainProxy        : Invoking AuthTokenFilter (7/13)
2024-10-15T18:33:57.742+02:00 TRACE 21980 --- [nio-8090-exec-5] o.s.security.web.FilterChainProxy        : Invoking RequestCacheAwareFilter (8/13)
2024-10-15T18:33:57.742+02:00 TRACE 21980 --- [nio-8090-exec-5] o.s.security.web.FilterChainProxy        : Invoking SecurityContextHolderAwareRequestFilter (9/13)
2024-10-15T18:33:57.742+02:00 TRACE 21980 --- [nio-8090-exec-5] o.s.security.web.FilterChainProxy        : Invoking AnonymousAuthenticationFilter (10/13)
2024-10-15T18:33:57.743+02:00 TRACE 21980 --- [nio-8090-exec-5] o.s.security.web.FilterChainProxy        : Invoking SessionManagementFilter (11/13)
2024-10-15T18:33:57.743+02:00 TRACE 21980 --- [nio-8090-exec-5] o.s.s.w.a.AnonymousAuthenticationFilter  : Did not set SecurityContextHolder since already authenticated JwtAuthenticationToken [Principal=org.springframework.security.oauth2.jwt.Jwt@fa4045e5, Credentials=[PROTECTED], Authenticated=true, Details=no.hvl.dat152.rest.ws.security.UserDetailsImpl@7eb22b3f, Granted Authorities=[ADMIN, USER]]
2024-10-15T18:33:57.743+02:00 TRACE 21980 --- [nio-8090-exec-5] s.CompositeSessionAuthenticationStrategy : Preparing session with ChangeSessionIdAuthenticationStrategy (1/1)
2024-10-15T18:33:57.743+02:00 TRACE 21980 --- [nio-8090-exec-5] o.s.security.web.FilterChainProxy        : Invoking ExceptionTranslationFilter (12/13)
2024-10-15T18:33:57.743+02:00 TRACE 21980 --- [nio-8090-exec-5] o.s.security.web.FilterChainProxy        : Invoking AuthorizationFilter (13/13)
2024-10-15T18:33:57.743+02:00 TRACE 21980 --- [nio-8090-exec-5] estMatcherDelegatingAuthorizationManager : Authorizing SecurityContextHolderAwareRequestWrapper[ org.springframework.security.web.header.HeaderWriterFilter$HeaderWriterRequest@7747cc2]
2024-10-15T18:33:57.743+02:00 TRACE 21980 --- [nio-8090-exec-5] estMatcherDelegatingAuthorizationManager : Checking authorization on SecurityContextHolderAwareRequestWrapper[ org.springframework.security.web.header.HeaderWriterFilter$HeaderWriterRequest@7747cc2] using org.springframework.security.authorization.AuthenticatedAuthorizationManager@649ab949
2024-10-15T18:33:57.743+02:00 DEBUG 21980 --- [nio-8090-exec-5] o.s.security.web.FilterChainProxy        : Secured GET /elibrary/api/v1/orders?expiry=2024-11-12&page=0&size=4
2024-10-15T18:33:57.743+02:00 DEBUG 21980 --- [nio-8090-exec-5] horizationManagerBeforeMethodInterceptor : Authorizing method invocation ReflectiveMethodInvocation: public org.springframework.http.ResponseEntity no.hvl.dat152.rest.ws.controller.OrderController.getAllBorrowOrders(java.lang.String,org.springframework.data.domain.Pageable); target is of class [no.hvl.dat152.rest.ws.controller.OrderController]
2024-10-15T18:33:57.743+02:00 DEBUG 21980 --- [nio-8090-exec-5] horizationManagerBeforeMethodInterceptor : Authorized method invocation ReflectiveMethodInvocation: public org.springframework.http.ResponseEntity no.hvl.dat152.rest.ws.controller.OrderController.getAllBorrowOrders(java.lang.String,org.springframework.data.domain.Pageable); target is of class [no.hvl.dat152.rest.ws.controller.OrderController]
Hibernate: select o1_0.id,o1_0.expiry,o1_0.isbn from orders o1_0 where o1_0.expiry<? offset ? rows fetch first ? rows only
2024-10-15T18:33:57.755+02:00 TRACE 21980 --- [nio-8090-exec-5] o.s.s.w.header.writers.HstsHeaderWriter  : Not injecting HSTS header since it did not match request to [Is Secure]
]]></system-out>
  </testcase>
  <testcase name="updateOrder_thenOK" classname="no.hvl.dat152.rest.ws.main.test.TestOrder" time="0.029">
    <system-out><![CDATA[2024-10-15T18:33:57.774+02:00 TRACE 21980 --- [nio-8090-exec-2] o.s.security.web.FilterChainProxy        : Trying to match request against DefaultSecurityFilterChain [RequestMatcher=any request, Filters=[org.springframework.security.web.session.DisableEncodeUrlFilter@71702d3f, org.springframework.security.web.context.request.async.WebAsyncManagerIntegrationFilter@6f9d1785, org.springframework.security.web.context.SecurityContextHolderFilter@5498d2a2, org.springframework.security.web.header.HeaderWriterFilter@58477355, org.springframework.security.web.authentication.logout.LogoutFilter@18c2b4c6, org.springframework.security.oauth2.server.resource.web.authentication.BearerTokenAuthenticationFilter@2778f3d1, no.hvl.dat152.rest.ws.security.AuthTokenFilter@7530090a, org.springframework.security.web.savedrequest.RequestCacheAwareFilter@74a121fe, org.springframework.security.web.servletapi.SecurityContextHolderAwareRequestFilter@12639753, org.springframework.security.web.authentication.AnonymousAuthenticationFilter@f9b97dc, org.springframework.security.web.session.SessionManagementFilter@282c3aa0, org.springframework.security.web.access.ExceptionTranslationFilter@4dd11699, org.springframework.security.web.access.intercept.AuthorizationFilter@414a3c7d]] (1/1)
2024-10-15T18:33:57.774+02:00 DEBUG 21980 --- [nio-8090-exec-2] o.s.security.web.FilterChainProxy        : Securing PUT /elibrary/api/v1/orders/2
2024-10-15T18:33:57.774+02:00 TRACE 21980 --- [nio-8090-exec-2] o.s.security.web.FilterChainProxy        : Invoking DisableEncodeUrlFilter (1/13)
2024-10-15T18:33:57.774+02:00 TRACE 21980 --- [nio-8090-exec-2] o.s.security.web.FilterChainProxy        : Invoking WebAsyncManagerIntegrationFilter (2/13)
2024-10-15T18:33:57.774+02:00 TRACE 21980 --- [nio-8090-exec-2] o.s.security.web.FilterChainProxy        : Invoking SecurityContextHolderFilter (3/13)
2024-10-15T18:33:57.774+02:00 TRACE 21980 --- [nio-8090-exec-2] o.s.security.web.FilterChainProxy        : Invoking HeaderWriterFilter (4/13)
2024-10-15T18:33:57.774+02:00 TRACE 21980 --- [nio-8090-exec-2] o.s.security.web.FilterChainProxy        : Invoking LogoutFilter (5/13)
2024-10-15T18:33:57.774+02:00 TRACE 21980 --- [nio-8090-exec-2] o.s.s.w.a.logout.LogoutFilter            : Did not match request to Or [Ant [pattern='/logout', GET], Ant [pattern='/logout', POST], Ant [pattern='/logout', PUT], Ant [pattern='/logout', DELETE]]
2024-10-15T18:33:57.774+02:00 TRACE 21980 --- [nio-8090-exec-2] o.s.security.web.FilterChainProxy        : Invoking BearerTokenAuthenticationFilter (6/13)
2024-10-15T18:33:57.774+02:00 TRACE 21980 --- [nio-8090-exec-2] o.s.s.authentication.ProviderManager     : Authenticating request with JwtAuthenticationProvider (1/2)
2024-10-15T18:33:57.774+02:00 DEBUG 21980 --- [nio-8090-exec-2] o.s.s.o.s.r.a.JwtAuthenticationProvider  : Authenticated token
2024-10-15T18:33:57.775+02:00 DEBUG 21980 --- [nio-8090-exec-2] .s.r.w.a.BearerTokenAuthenticationFilter : Set SecurityContextHolder to JwtAuthenticationToken [Principal=org.springframework.security.oauth2.jwt.Jwt@fa4045e5, Credentials=[PROTECTED], Authenticated=true, Details=WebAuthenticationDetails [RemoteIpAddress=127.0.0.1, SessionId=null], Granted Authorities=[ADMIN, USER]]
2024-10-15T18:33:57.775+02:00 TRACE 21980 --- [nio-8090-exec-2] o.s.security.web.FilterChainProxy        : Invoking AuthTokenFilter (7/13)
2024-10-15T18:33:57.775+02:00 TRACE 21980 --- [nio-8090-exec-2] o.s.security.web.FilterChainProxy        : Invoking RequestCacheAwareFilter (8/13)
2024-10-15T18:33:57.775+02:00 TRACE 21980 --- [nio-8090-exec-2] o.s.security.web.FilterChainProxy        : Invoking SecurityContextHolderAwareRequestFilter (9/13)
2024-10-15T18:33:57.775+02:00 TRACE 21980 --- [nio-8090-exec-2] o.s.security.web.FilterChainProxy        : Invoking AnonymousAuthenticationFilter (10/13)
2024-10-15T18:33:57.775+02:00 TRACE 21980 --- [nio-8090-exec-2] o.s.security.web.FilterChainProxy        : Invoking SessionManagementFilter (11/13)
2024-10-15T18:33:57.775+02:00 TRACE 21980 --- [nio-8090-exec-2] o.s.s.w.a.AnonymousAuthenticationFilter  : Did not set SecurityContextHolder since already authenticated JwtAuthenticationToken [Principal=org.springframework.security.oauth2.jwt.Jwt@fa4045e5, Credentials=[PROTECTED], Authenticated=true, Details=no.hvl.dat152.rest.ws.security.UserDetailsImpl@77180240, Granted Authorities=[ADMIN, USER]]
2024-10-15T18:33:57.775+02:00 TRACE 21980 --- [nio-8090-exec-2] s.CompositeSessionAuthenticationStrategy : Preparing session with ChangeSessionIdAuthenticationStrategy (1/1)
2024-10-15T18:33:57.775+02:00 TRACE 21980 --- [nio-8090-exec-2] o.s.security.web.FilterChainProxy        : Invoking ExceptionTranslationFilter (12/13)
2024-10-15T18:33:57.775+02:00 TRACE 21980 --- [nio-8090-exec-2] o.s.security.web.FilterChainProxy        : Invoking AuthorizationFilter (13/13)
2024-10-15T18:33:57.775+02:00 TRACE 21980 --- [nio-8090-exec-2] estMatcherDelegatingAuthorizationManager : Authorizing SecurityContextHolderAwareRequestWrapper[ org.springframework.security.web.header.HeaderWriterFilter$HeaderWriterRequest@2efb89ed]
2024-10-15T18:33:57.775+02:00 TRACE 21980 --- [nio-8090-exec-2] estMatcherDelegatingAuthorizationManager : Checking authorization on SecurityContextHolderAwareRequestWrapper[ org.springframework.security.web.header.HeaderWriterFilter$HeaderWriterRequest@2efb89ed] using org.springframework.security.authorization.AuthenticatedAuthorizationManager@649ab949
2024-10-15T18:33:57.775+02:00 DEBUG 21980 --- [nio-8090-exec-2] o.s.security.web.FilterChainProxy        : Secured PUT /elibrary/api/v1/orders/2
2024-10-15T18:33:57.781+02:00 DEBUG 21980 --- [nio-8090-exec-2] horizationManagerBeforeMethodInterceptor : Authorizing method invocation ReflectiveMethodInvocation: public org.springframework.http.ResponseEntity no.hvl.dat152.rest.ws.controller.OrderController.updateOrder(no.hvl.dat152.rest.ws.model.Order,long); target is of class [no.hvl.dat152.rest.ws.controller.OrderController]
2024-10-15T18:33:57.781+02:00 DEBUG 21980 --- [nio-8090-exec-2] horizationManagerBeforeMethodInterceptor : Authorized method invocation ReflectiveMethodInvocation: public org.springframework.http.ResponseEntity no.hvl.dat152.rest.ws.controller.OrderController.updateOrder(no.hvl.dat152.rest.ws.model.Order,long); target is of class [no.hvl.dat152.rest.ws.controller.OrderController]
Hibernate: select o1_0.id,o1_0.expiry,o1_0.isbn from orders o1_0 where o1_0.id=?
2024-10-15T18:33:57.786+02:00 TRACE 21980 --- [nio-8090-exec-2] o.s.s.w.header.writers.HstsHeaderWriter  : Not injecting HSTS header since it did not match request to [Is Secure]
]]></system-out>
  </testcase>
  <testcase name="getOrderById_thenOK" classname="no.hvl.dat152.rest.ws.main.test.TestOrder" time="0.016">
    <system-out><![CDATA[2024-10-15T18:33:57.799+02:00 TRACE 21980 --- [nio-8090-exec-4] o.s.security.web.FilterChainProxy        : Trying to match request against DefaultSecurityFilterChain [RequestMatcher=any request, Filters=[org.springframework.security.web.session.DisableEncodeUrlFilter@71702d3f, org.springframework.security.web.context.request.async.WebAsyncManagerIntegrationFilter@6f9d1785, org.springframework.security.web.context.SecurityContextHolderFilter@5498d2a2, org.springframework.security.web.header.HeaderWriterFilter@58477355, org.springframework.security.web.authentication.logout.LogoutFilter@18c2b4c6, org.springframework.security.oauth2.server.resource.web.authentication.BearerTokenAuthenticationFilter@2778f3d1, no.hvl.dat152.rest.ws.security.AuthTokenFilter@7530090a, org.springframework.security.web.savedrequest.RequestCacheAwareFilter@74a121fe, org.springframework.security.web.servletapi.SecurityContextHolderAwareRequestFilter@12639753, org.springframework.security.web.authentication.AnonymousAuthenticationFilter@f9b97dc, org.springframework.security.web.session.SessionManagementFilter@282c3aa0, org.springframework.security.web.access.ExceptionTranslationFilter@4dd11699, org.springframework.security.web.access.intercept.AuthorizationFilter@414a3c7d]] (1/1)
2024-10-15T18:33:57.799+02:00 DEBUG 21980 --- [nio-8090-exec-4] o.s.security.web.FilterChainProxy        : Securing GET /elibrary/api/v1/orders/2
2024-10-15T18:33:57.799+02:00 TRACE 21980 --- [nio-8090-exec-4] o.s.security.web.FilterChainProxy        : Invoking DisableEncodeUrlFilter (1/13)
2024-10-15T18:33:57.799+02:00 TRACE 21980 --- [nio-8090-exec-4] o.s.security.web.FilterChainProxy        : Invoking WebAsyncManagerIntegrationFilter (2/13)
2024-10-15T18:33:57.799+02:00 TRACE 21980 --- [nio-8090-exec-4] o.s.security.web.FilterChainProxy        : Invoking SecurityContextHolderFilter (3/13)
2024-10-15T18:33:57.799+02:00 TRACE 21980 --- [nio-8090-exec-4] o.s.security.web.FilterChainProxy        : Invoking HeaderWriterFilter (4/13)
2024-10-15T18:33:57.799+02:00 TRACE 21980 --- [nio-8090-exec-4] o.s.security.web.FilterChainProxy        : Invoking LogoutFilter (5/13)
2024-10-15T18:33:57.799+02:00 TRACE 21980 --- [nio-8090-exec-4] o.s.s.w.a.logout.LogoutFilter            : Did not match request to Or [Ant [pattern='/logout', GET], Ant [pattern='/logout', POST], Ant [pattern='/logout', PUT], Ant [pattern='/logout', DELETE]]
2024-10-15T18:33:57.799+02:00 TRACE 21980 --- [nio-8090-exec-4] o.s.security.web.FilterChainProxy        : Invoking BearerTokenAuthenticationFilter (6/13)
2024-10-15T18:33:57.800+02:00 TRACE 21980 --- [nio-8090-exec-4] o.s.s.authentication.ProviderManager     : Authenticating request with JwtAuthenticationProvider (1/2)
2024-10-15T18:33:57.800+02:00 DEBUG 21980 --- [nio-8090-exec-4] o.s.s.o.s.r.a.JwtAuthenticationProvider  : Authenticated token
2024-10-15T18:33:57.800+02:00 DEBUG 21980 --- [nio-8090-exec-4] .s.r.w.a.BearerTokenAuthenticationFilter : Set SecurityContextHolder to JwtAuthenticationToken [Principal=org.springframework.security.oauth2.jwt.Jwt@fa4045e5, Credentials=[PROTECTED], Authenticated=true, Details=WebAuthenticationDetails [RemoteIpAddress=127.0.0.1, SessionId=null], Granted Authorities=[ADMIN, USER]]
2024-10-15T18:33:57.800+02:00 TRACE 21980 --- [nio-8090-exec-4] o.s.security.web.FilterChainProxy        : Invoking AuthTokenFilter (7/13)
2024-10-15T18:33:57.800+02:00 TRACE 21980 --- [nio-8090-exec-4] o.s.security.web.FilterChainProxy        : Invoking RequestCacheAwareFilter (8/13)
2024-10-15T18:33:57.800+02:00 TRACE 21980 --- [nio-8090-exec-4] o.s.security.web.FilterChainProxy        : Invoking SecurityContextHolderAwareRequestFilter (9/13)
2024-10-15T18:33:57.800+02:00 TRACE 21980 --- [nio-8090-exec-4] o.s.security.web.FilterChainProxy        : Invoking AnonymousAuthenticationFilter (10/13)
2024-10-15T18:33:57.800+02:00 TRACE 21980 --- [nio-8090-exec-4] o.s.security.web.FilterChainProxy        : Invoking SessionManagementFilter (11/13)
2024-10-15T18:33:57.800+02:00 TRACE 21980 --- [nio-8090-exec-4] o.s.s.w.a.AnonymousAuthenticationFilter  : Did not set SecurityContextHolder since already authenticated JwtAuthenticationToken [Principal=org.springframework.security.oauth2.jwt.Jwt@fa4045e5, Credentials=[PROTECTED], Authenticated=true, Details=no.hvl.dat152.rest.ws.security.UserDetailsImpl@a450833, Granted Authorities=[ADMIN, USER]]
2024-10-15T18:33:57.800+02:00 TRACE 21980 --- [nio-8090-exec-4] s.CompositeSessionAuthenticationStrategy : Preparing session with ChangeSessionIdAuthenticationStrategy (1/1)
2024-10-15T18:33:57.800+02:00 TRACE 21980 --- [nio-8090-exec-4] o.s.security.web.FilterChainProxy        : Invoking ExceptionTranslationFilter (12/13)
2024-10-15T18:33:57.800+02:00 TRACE 21980 --- [nio-8090-exec-4] o.s.security.web.FilterChainProxy        : Invoking AuthorizationFilter (13/13)
2024-10-15T18:33:57.800+02:00 TRACE 21980 --- [nio-8090-exec-4] estMatcherDelegatingAuthorizationManager : Authorizing SecurityContextHolderAwareRequestWrapper[ org.springframework.security.web.header.HeaderWriterFilter$HeaderWriterRequest@7cbdfc6c]
2024-10-15T18:33:57.800+02:00 TRACE 21980 --- [nio-8090-exec-4] estMatcherDelegatingAuthorizationManager : Checking authorization on SecurityContextHolderAwareRequestWrapper[ org.springframework.security.web.header.HeaderWriterFilter$HeaderWriterRequest@7cbdfc6c] using org.springframework.security.authorization.AuthenticatedAuthorizationManager@649ab949
2024-10-15T18:33:57.800+02:00 DEBUG 21980 --- [nio-8090-exec-4] o.s.security.web.FilterChainProxy        : Secured GET /elibrary/api/v1/orders/2
2024-10-15T18:33:57.801+02:00 DEBUG 21980 --- [nio-8090-exec-4] horizationManagerBeforeMethodInterceptor : Authorizing method invocation ReflectiveMethodInvocation: public org.springframework.http.ResponseEntity no.hvl.dat152.rest.ws.controller.OrderController.getBorrowOrder(java.lang.Long) throws no.hvl.dat152.rest.ws.exceptions.OrderNotFoundException; target is of class [no.hvl.dat152.rest.ws.controller.OrderController]
2024-10-15T18:33:57.801+02:00 DEBUG 21980 --- [nio-8090-exec-4] horizationManagerBeforeMethodInterceptor : Authorized method invocation ReflectiveMethodInvocation: public org.springframework.http.ResponseEntity no.hvl.dat152.rest.ws.controller.OrderController.getBorrowOrder(java.lang.Long) throws no.hvl.dat152.rest.ws.exceptions.OrderNotFoundException; target is of class [no.hvl.dat152.rest.ws.controller.OrderController]
Hibernate: select o1_0.id,o1_0.expiry,o1_0.isbn from orders o1_0 where o1_0.id=?
2024-10-15T18:33:57.803+02:00 TRACE 21980 --- [nio-8090-exec-4] o.s.s.w.header.writers.HstsHeaderWriter  : Not injecting HSTS header since it did not match request to [Is Secure]
]]></system-out>
  </testcase>
</testsuite>